<?xml version="1.0" encoding="UTF-8"?>
<testng-results ignored="0" total="0" passed="0" failed="0" skipped="0">
  <reporter-output>
  </reporter-output>
  <suite started-at="2022-10-03T09:53:55 ICT" name="Default suite" finished-at="2022-10-03T09:53:58 ICT" duration-ms="3272">
    <groups>
      <group name="cucumber">
        <method signature="AbstractTestNGCucumberTests.runScenario(io.cucumber.testng.PickleWrapper,io.cucumber.testng.FeatureWrapper)[pri:0, instance:cucumber.framework.runner.jcadmin.nico.JCAdminRunner@1a677343]" name="runScenario" class="io.cucumber.testng.AbstractTestNGCucumberTests"/>
      </group> <!-- cucumber -->
    </groups>
    <test started-at="2022-10-03T09:53:55 ICT" name="Default test" finished-at="2022-10-03T09:53:58 ICT" duration-ms="3272">
      <class name="cucumber.framework.runner.jcadmin.nico.JCAdminRunner">
        <test-method is-config="true" signature="setUpClass(org.testng.ITestContext)[pri:0, instance:cucumber.framework.runner.jcadmin.nico.JCAdminRunner@1a677343]" started-at="2022-10-03T09:53:55 ICT" name="setUpClass" finished-at="2022-10-03T09:53:56 ICT" duration-ms="1068" status="PASS">
          <params>
            <param index="0">
              <value>
                <![CDATA[org.testng.TestRunner@2c177f9e]]>
              </value>
            </param>
          </params>
          <reporter-output>
          </reporter-output>
        </test-method> <!-- setUpClass -->
        <test-method is-config="true" signature="tearDownClass()[pri:0, instance:cucumber.framework.runner.jcadmin.nico.JCAdminRunner@1a677343]" started-at="2022-10-03T09:53:56 ICT" name="tearDownClass" finished-at="2022-10-03T09:53:58 ICT" duration-ms="2155" status="PASS">
          <reporter-output>
          </reporter-output>
        </test-method> <!-- tearDownClass -->
      </class> <!-- cucumber.framework.runner.jcadmin.nico.JCAdminRunner -->
    </test> <!-- Default test -->
  </suite> <!-- Default suite -->
</testng-results>
