<?xml version="1.0" encoding="UTF-8"?>
<testng-results ignored="0" total="8" passed="8" failed="0" skipped="0">
  <reporter-output>
  </reporter-output>
  <suite started-at="2022-10-03T14:14:08 ICT" name="Default suite" finished-at="2022-10-03T14:16:25 ICT" duration-ms="137335">
    <groups>
      <group name="cucumber">
        <method signature="AbstractTestNGCucumberTests.runScenario(io.cucumber.testng.PickleWrapper,io.cucumber.testng.FeatureWrapper)[pri:0, instance:cucumber.framework.runner.jcadmin.boim.JCAdminRunnerBoim@1a677343]" name="runScenario" class="io.cucumber.testng.AbstractTestNGCucumberTests"/>
      </group> <!-- cucumber -->
    </groups>
    <test started-at="2022-10-03T14:14:08 ICT" name="Default test" finished-at="2022-10-03T14:16:25 ICT" duration-ms="137335">
      <class name="cucumber.framework.runner.jcadmin.boim.JCAdminRunnerBoim">
        <test-method is-config="true" signature="setUpClass(org.testng.ITestContext)[pri:0, instance:cucumber.framework.runner.jcadmin.boim.JCAdminRunnerBoim@1a677343]" started-at="2022-10-03T14:14:08 ICT" name="setUpClass" finished-at="2022-10-03T14:14:09 ICT" duration-ms="579" status="PASS">
          <params>
            <param index="0">
              <value>
                <![CDATA[org.testng.TestRunner@6a4a2090]]>
              </value>
            </param>
          </params>
          <reporter-output>
          </reporter-output>
        </test-method> <!-- setUpClass -->
        <test-method signature="runScenario(io.cucumber.testng.PickleWrapper,io.cucumber.testng.FeatureWrapper)[pri:0, instance:cucumber.framework.runner.jcadmin.boim.JCAdminRunnerBoim@1a677343]" started-at="2022-10-03T14:14:09 ICT" name="runScenario" description="Runs Cucumber Scenarios" data-provider="scenarios" finished-at="2022-10-03T14:14:33 ICT" duration-ms="24369" status="PASS">
          <params>
            <param index="0">
              <value>
                <![CDATA["Mengedit nama program di data pertama"]]>
              </value>
            </param>
            <param index="1">
              <value>
                <![CDATA["Rincian Biaya"]]>
              </value>
            </param>
          </params>
          <reporter-output>
          </reporter-output>
        </test-method> <!-- runScenario -->
        <test-method signature="runScenario(io.cucumber.testng.PickleWrapper,io.cucumber.testng.FeatureWrapper)[pri:0, instance:cucumber.framework.runner.jcadmin.boim.JCAdminRunnerBoim@1a677343]" started-at="2022-10-03T14:14:33 ICT" name="runScenario" description="Runs Cucumber Scenarios" data-provider="scenarios" finished-at="2022-10-03T14:14:47 ICT" duration-ms="13883" status="PASS">
          <params>
            <param index="0">
              <value>
                <![CDATA["Mengedit harga awal di data pertama"]]>
              </value>
            </param>
            <param index="1">
              <value>
                <![CDATA["Rincian Biaya"]]>
              </value>
            </param>
          </params>
          <reporter-output>
          </reporter-output>
        </test-method> <!-- runScenario -->
        <test-method signature="runScenario(io.cucumber.testng.PickleWrapper,io.cucumber.testng.FeatureWrapper)[pri:0, instance:cucumber.framework.runner.jcadmin.boim.JCAdminRunnerBoim@1a677343]" started-at="2022-10-03T14:14:47 ICT" name="runScenario" description="Runs Cucumber Scenarios" data-provider="scenarios" finished-at="2022-10-03T14:15:01 ICT" duration-ms="14084" status="PASS">
          <params>
            <param index="0">
              <value>
                <![CDATA["Mengedit diskon di data pertama"]]>
              </value>
            </param>
            <param index="1">
              <value>
                <![CDATA["Rincian Biaya"]]>
              </value>
            </param>
          </params>
          <reporter-output>
          </reporter-output>
        </test-method> <!-- runScenario -->
        <test-method signature="runScenario(io.cucumber.testng.PickleWrapper,io.cucumber.testng.FeatureWrapper)[pri:0, instance:cucumber.framework.runner.jcadmin.boim.JCAdminRunnerBoim@1a677343]" started-at="2022-10-03T14:15:01 ICT" name="runScenario" description="Runs Cucumber Scenarios" data-provider="scenarios" finished-at="2022-10-03T14:15:15 ICT" duration-ms="14369" status="PASS">
          <params>
            <param index="0">
              <value>
                <![CDATA["Mengedit keunggulan1 di data pertama"]]>
              </value>
            </param>
            <param index="1">
              <value>
                <![CDATA["Rincian Biaya"]]>
              </value>
            </param>
          </params>
          <reporter-output>
          </reporter-output>
        </test-method> <!-- runScenario -->
        <test-method signature="runScenario(io.cucumber.testng.PickleWrapper,io.cucumber.testng.FeatureWrapper)[pri:0, instance:cucumber.framework.runner.jcadmin.boim.JCAdminRunnerBoim@1a677343]" started-at="2022-10-03T14:15:15 ICT" name="runScenario" description="Runs Cucumber Scenarios" data-provider="scenarios" finished-at="2022-10-03T14:15:32 ICT" duration-ms="16873" status="PASS">
          <params>
            <param index="0">
              <value>
                <![CDATA["Mengedit keunggulan2 di data pertama"]]>
              </value>
            </param>
            <param index="1">
              <value>
                <![CDATA["Rincian Biaya"]]>
              </value>
            </param>
          </params>
          <reporter-output>
          </reporter-output>
        </test-method> <!-- runScenario -->
        <test-method signature="runScenario(io.cucumber.testng.PickleWrapper,io.cucumber.testng.FeatureWrapper)[pri:0, instance:cucumber.framework.runner.jcadmin.boim.JCAdminRunnerBoim@1a677343]" started-at="2022-10-03T14:15:32 ICT" name="runScenario" description="Runs Cucumber Scenarios" data-provider="scenarios" finished-at="2022-10-03T14:15:49 ICT" duration-ms="17290" status="PASS">
          <params>
            <param index="0">
              <value>
                <![CDATA["Mengedit keunggulan3 di data pertama"]]>
              </value>
            </param>
            <param index="1">
              <value>
                <![CDATA["Rincian Biaya"]]>
              </value>
            </param>
          </params>
          <reporter-output>
          </reporter-output>
        </test-method> <!-- runScenario -->
        <test-method signature="runScenario(io.cucumber.testng.PickleWrapper,io.cucumber.testng.FeatureWrapper)[pri:0, instance:cucumber.framework.runner.jcadmin.boim.JCAdminRunnerBoim@1a677343]" started-at="2022-10-03T14:15:49 ICT" name="runScenario" description="Runs Cucumber Scenarios" data-provider="scenarios" finished-at="2022-10-03T14:16:07 ICT" duration-ms="17682" status="PASS">
          <params>
            <param index="0">
              <value>
                <![CDATA["Mengedit keunggulan4 di data pertama"]]>
              </value>
            </param>
            <param index="1">
              <value>
                <![CDATA["Rincian Biaya"]]>
              </value>
            </param>
          </params>
          <reporter-output>
          </reporter-output>
        </test-method> <!-- runScenario -->
        <test-method signature="runScenario(io.cucumber.testng.PickleWrapper,io.cucumber.testng.FeatureWrapper)[pri:0, instance:cucumber.framework.runner.jcadmin.boim.JCAdminRunnerBoim@1a677343]" started-at="2022-10-03T14:16:07 ICT" name="runScenario" description="Runs Cucumber Scenarios" data-provider="scenarios" finished-at="2022-10-03T14:16:23 ICT" duration-ms="15922" status="PASS">
          <params>
            <param index="0">
              <value>
                <![CDATA["Mengedit keunggulan5 di data pertama"]]>
              </value>
            </param>
            <param index="1">
              <value>
                <![CDATA["Rincian Biaya"]]>
              </value>
            </param>
          </params>
          <reporter-output>
          </reporter-output>
        </test-method> <!-- runScenario -->
        <test-method is-config="true" signature="tearDownClass()[pri:0, instance:cucumber.framework.runner.jcadmin.boim.JCAdminRunnerBoim@1a677343]" started-at="2022-10-03T14:16:23 ICT" name="tearDownClass" finished-at="2022-10-03T14:16:25 ICT" duration-ms="2228" status="PASS">
          <reporter-output>
          </reporter-output>
        </test-method> <!-- tearDownClass -->
      </class> <!-- cucumber.framework.runner.jcadmin.boim.JCAdminRunnerBoim -->
    </test> <!-- Default test -->
  </suite> <!-- Default suite -->
</testng-results>
