<?xml version="1.0" encoding="UTF-8"?>
<!-- Generated by org.testng.reporters.JUnitXMLReporter -->
<testsuite ignored="0" hostname="DESKTOP-8OTT66F" failures="72" tests="220" name="Default test" time="3377.527" errors="0" timestamp="2022-10-09T14:41:13 ICT">
  <testcase classname="io.cucumber.testng.AbstractTestNGCucumberTests" name="runScenario" time="10.276"/>
  <testcase classname="io.cucumber.testng.AbstractTestNGCucumberTests" name="runScenario" time="3.16"/>
  <testcase classname="io.cucumber.testng.AbstractTestNGCucumberTests" name="runScenario" time="2.894"/>
  <testcase classname="io.cucumber.testng.AbstractTestNGCucumberTests" name="runScenario" time="3.179"/>
  <testcase classname="io.cucumber.testng.AbstractTestNGCucumberTests" name="runScenario" time="3.117"/>
  <testcase classname="io.cucumber.testng.AbstractTestNGCucumberTests" name="runScenario" time="3.225"/>
  <testcase classname="io.cucumber.testng.AbstractTestNGCucumberTests" name="runScenario" time="2.865"/>
  <testcase classname="io.cucumber.testng.AbstractTestNGCucumberTests" name="runScenario" time="0.44"/>
  <testcase classname="io.cucumber.testng.AbstractTestNGCucumberTests" name="runScenario" time="2.519"/>
  <testcase classname="io.cucumber.testng.AbstractTestNGCucumberTests" name="runScenario" time="1.47"/>
  <testcase classname="io.cucumber.testng.AbstractTestNGCucumberTests" name="runScenario" time="1.45"/>
  <testcase classname="io.cucumber.testng.AbstractTestNGCucumberTests" name="runScenario" time="2.823"/>
  <testcase classname="io.cucumber.testng.AbstractTestNGCucumberTests" name="runScenario" time="2.719"/>
  <testcase classname="io.cucumber.testng.AbstractTestNGCucumberTests" name="runScenario" time="2.722"/>
  <testcase classname="io.cucumber.testng.AbstractTestNGCucumberTests" name="runScenario" time="2.701"/>
  <testcase classname="io.cucumber.testng.AbstractTestNGCucumberTests" name="runScenario" time="29.822"/>
  <testcase classname="io.cucumber.testng.AbstractTestNGCucumberTests" name="runScenario" time="26.552"/>
  <testcase classname="io.cucumber.testng.AbstractTestNGCucumberTests" name="runScenario" time="26.14"/>
  <testcase classname="io.cucumber.testng.AbstractTestNGCucumberTests" name="runScenario" time="26.052"/>
  <testcase classname="io.cucumber.testng.AbstractTestNGCucumberTests" name="runScenario" time="26.183"/>
  <testcase classname="io.cucumber.testng.AbstractTestNGCucumberTests" name="runScenario" time="26.07"/>
  <testcase classname="io.cucumber.testng.AbstractTestNGCucumberTests" name="runScenario" time="26.343"/>
  <testcase classname="io.cucumber.testng.AbstractTestNGCucumberTests" name="runScenario" time="26.094"/>
  <testcase classname="io.cucumber.testng.AbstractTestNGCucumberTests" name="runScenario" time="26.671"/>
  <testcase classname="io.cucumber.testng.AbstractTestNGCucumberTests" name="runScenario" time="26.159"/>
  <testcase classname="io.cucumber.testng.AbstractTestNGCucumberTests" name="runScenario" time="26.381"/>
  <testcase classname="io.cucumber.testng.AbstractTestNGCucumberTests" name="runScenario" time="26.088"/>
  <testcase classname="io.cucumber.testng.AbstractTestNGCucumberTests" name="runScenario" time="26.022"/>
  <testcase classname="io.cucumber.testng.AbstractTestNGCucumberTests" name="runScenario" time="26.065"/>
  <testcase classname="io.cucumber.testng.AbstractTestNGCucumberTests" name="runScenario" time="25.938"/>
  <testcase classname="io.cucumber.testng.AbstractTestNGCucumberTests" name="runScenario" time="26.014"/>
  <testcase classname="io.cucumber.testng.AbstractTestNGCucumberTests" name="runScenario" time="26.034"/>
  <testcase classname="io.cucumber.testng.AbstractTestNGCucumberTests" name="runScenario" time="26.588"/>
  <testcase classname="io.cucumber.testng.AbstractTestNGCucumberTests" name="runScenario" time="26.443"/>
  <testcase classname="io.cucumber.testng.AbstractTestNGCucumberTests" name="runScenario" time="26.015"/>
  <testcase classname="io.cucumber.testng.AbstractTestNGCucumberTests" name="runScenario" time="25.897"/>
  <testcase classname="io.cucumber.testng.AbstractTestNGCucumberTests" name="runScenario" time="26.091"/>
  <testcase classname="io.cucumber.testng.AbstractTestNGCucumberTests" name="runScenario" time="25.748"/>
  <testcase classname="io.cucumber.testng.AbstractTestNGCucumberTests" name="runScenario" time="25.799"/>
  <testcase classname="io.cucumber.testng.AbstractTestNGCucumberTests" name="runScenario" time="26.037"/>
  <testcase classname="io.cucumber.testng.AbstractTestNGCucumberTests" name="runScenario" time="25.86"/>
  <testcase classname="io.cucumber.testng.AbstractTestNGCucumberTests" name="runScenario" time="30.84"/>
  <testcase classname="io.cucumber.testng.AbstractTestNGCucumberTests" name="runScenario" time="32.667"/>
  <testcase classname="io.cucumber.testng.AbstractTestNGCucumberTests" name="runScenario" time="26.817"/>
  <testcase classname="io.cucumber.testng.AbstractTestNGCucumberTests" name="runScenario" time="25.927"/>
  <testcase classname="io.cucumber.testng.AbstractTestNGCucumberTests" name="runScenario" time="25.757"/>
  <testcase classname="io.cucumber.testng.AbstractTestNGCucumberTests" name="runScenario" time="25.916"/>
  <testcase classname="io.cucumber.testng.AbstractTestNGCucumberTests" name="runScenario" time="25.954"/>
  <testcase classname="io.cucumber.testng.AbstractTestNGCucumberTests" name="runScenario" time="25.956"/>
  <testcase classname="io.cucumber.testng.AbstractTestNGCucumberTests" name="runScenario" time="26.447"/>
  <testcase classname="io.cucumber.testng.AbstractTestNGCucumberTests" name="runScenario" time="26.189"/>
  <testcase classname="io.cucumber.testng.AbstractTestNGCucumberTests" name="runScenario" time="9.909">
    <failure type="org.openqa.selenium.InvalidArgumentException" message="invalid argument: File not found : C:\Users\NEXSOFT\git\INTEGRATION-BOIM-NICO-NISA\INTEGRATION-BOIM-NICO-NISA\src\main\resources\gambarnisa\jerome.jpeg
  (Session info: chrome=105.0.5195.127)
Build info: version: &amp;apos;4.4.0&amp;apos;, revision: &amp;apos;e5c75ed026a&amp;apos;
System info: host: &amp;apos;DESKTOP-8OTT66F&amp;apos;, ip: &amp;apos;192.168.0.11&amp;apos;, os.name: &amp;apos;Windows 10&amp;apos;, os.arch: &amp;apos;amd64&amp;apos;, os.version: &amp;apos;10.0&amp;apos;, java.version: &amp;apos;17.0.4.1&amp;apos;
Driver info: org.openqa.selenium.chrome.ChromeDriver
Command: [b91b9cc2b751a4292dcc5c13c338190c, sendKeysToElement {id=5add1797-764a-4088-b43c-73f4d1315b56, value=[Ljava.lang.CharSequence;@118932fe}]
Capabilities {acceptInsecureCerts: false, browserName: chrome, browserVersion: 105.0.5195.127, chrome: {chromedriverVersion: 105.0.5195.52 (412c95e51883..., userDataDir: C:\Users\NEXSOFT\AppData\Lo...}, goog:chromeOptions: {debuggerAddress: localhost:51677}, networkConnectionEnabled: false, pageLoadStrategy: normal, platformName: WINDOWS, proxy: Proxy(), se:cdp: ws://localhost:51677/devtoo..., se:cdpVersion: 105.0.5195.127, setWindowRect: true, strictFileInteractability: false, timeouts: {implicit: 0, pageLoad: 300000, script: 30000}, unhandledPromptBehavior: dismiss and notify, webauthn:extension:credBlob: true, webauthn:extension:largeBlob: true, webauthn:virtualAuthenticators: true}
Element: [[ChromeDriver: chrome on WINDOWS (b91b9cc2b751a4292dcc5c13c338190c)] -&amp;gt; xpath: //input[@name=&amp;apos;uploadedFile&amp;apos;]]
Session ID: b91b9cc2b751a4292dcc5c13c338190c">
      <![CDATA[org.openqa.selenium.InvalidArgumentException: invalid argument: File not found : C:\Users\NEXSOFT\git\INTEGRATION-BOIM-NICO-NISA\INTEGRATION-BOIM-NICO-NISA\src\main\resources\gambarnisa\jerome.jpeg
  (Session info: chrome=105.0.5195.127)
Build info: version: '4.4.0', revision: 'e5c75ed026a'
System info: host: 'DESKTOP-8OTT66F', ip: '192.168.0.11', os.name: 'Windows 10', os.arch: 'amd64', os.version: '10.0', java.version: '17.0.4.1'
Driver info: org.openqa.selenium.chrome.ChromeDriver
Command: [b91b9cc2b751a4292dcc5c13c338190c, sendKeysToElement {id=5add1797-764a-4088-b43c-73f4d1315b56, value=[Ljava.lang.CharSequence;@118932fe}]
Capabilities {acceptInsecureCerts: false, browserName: chrome, browserVersion: 105.0.5195.127, chrome: {chromedriverVersion: 105.0.5195.52 (412c95e51883..., userDataDir: C:\Users\NEXSOFT\AppData\Lo...}, goog:chromeOptions: {debuggerAddress: localhost:51677}, networkConnectionEnabled: false, pageLoadStrategy: normal, platformName: WINDOWS, proxy: Proxy(), se:cdp: ws://localhost:51677/devtoo..., se:cdpVersion: 105.0.5195.127, setWindowRect: true, strictFileInteractability: false, timeouts: {implicit: 0, pageLoad: 300000, script: 30000}, unhandledPromptBehavior: dismiss and notify, webauthn:extension:credBlob: true, webauthn:extension:largeBlob: true, webauthn:virtualAuthenticators: true}
Element: [[ChromeDriver: chrome on WINDOWS (b91b9cc2b751a4292dcc5c13c338190c)] -> xpath: //input[@name='uploadedFile']]
Session ID: b91b9cc2b751a4292dcc5c13c338190c
at java.base/jdk.internal.reflect.NativeConstructorAccessorImpl.newInstance0(Native Method)
at java.base/jdk.internal.reflect.NativeConstructorAccessorImpl.newInstance(NativeConstructorAccessorImpl.java:77)
at java.base/jdk.internal.reflect.DelegatingConstructorAccessorImpl.newInstance(DelegatingConstructorAccessorImpl.java:45)
at java.base/java.lang.reflect.Constructor.newInstanceWithCaller(Constructor.java:499)
at java.base/java.lang.reflect.Constructor.newInstance(Constructor.java:480)
at org.openqa.selenium.remote.codec.w3c.W3CHttpResponseCodec.createException(W3CHttpResponseCodec.java:200)
at org.openqa.selenium.remote.codec.w3c.W3CHttpResponseCodec.decode(W3CHttpResponseCodec.java:133)
at org.openqa.selenium.remote.codec.w3c.W3CHttpResponseCodec.decode(W3CHttpResponseCodec.java:53)
at org.openqa.selenium.remote.HttpCommandExecutor.execute(HttpCommandExecutor.java:184)
at org.openqa.selenium.remote.service.DriverCommandExecutor.invokeExecute(DriverCommandExecutor.java:167)
at org.openqa.selenium.remote.service.DriverCommandExecutor.execute(DriverCommandExecutor.java:142)
at org.openqa.selenium.remote.RemoteWebDriver.execute(RemoteWebDriver.java:547)
at org.openqa.selenium.remote.RemoteWebElement.execute(RemoteWebElement.java:257)
at org.openqa.selenium.remote.RemoteWebElement.sendKeys(RemoteWebElement.java:113)
at jdk.internal.reflect.GeneratedMethodAccessor128.invoke(Unknown Source)
at java.base/jdk.internal.reflect.DelegatingMethodAccessorImpl.invoke(DelegatingMethodAccessorImpl.java:43)
at java.base/java.lang.reflect.Method.invoke(Method.java:568)
at org.openqa.selenium.support.pagefactory.internal.LocatingElementHandler.invoke(LocatingElementHandler.java:52)
at jdk.proxy2/jdk.proxy2.$Proxy32.sendKeys(Unknown Source)
at cucumber.framework.page.jcadmin.JCAdminTestimonial.uploadFile(JCAdminTestimonial.java:302)
at cucumber.framework.page.jcadmin.JCAdminTestimonial.tambahDataTestimonialNegativeActive(JCAdminTestimonial.java:312)
at cucumber.framework.runner.jcadmin.Anisa.JCTambahNegatifTestimonialImpl.admin_mengisi_form_negative_dengan_rating_angka_rating_active(JCTambahNegatifTestimonialImpl.java:50)
at ?.TE001N Admin mengisi form negative dengan rating 0 active(file:///C:/Users/NEXSOFT/git/INTEGRATION-BOIM-NICO-NISA/INTEGRATION-BOIM-NICO-NISA/src/main/resources/jcadmin/anisa/002Testimonial002TambahNegatif.feature:7)
]]>
    </failure>
  </testcase> <!-- runScenario -->
  <testcase classname="io.cucumber.testng.AbstractTestNGCucumberTests" name="runScenario" time="8.887">
    <failure type="org.openqa.selenium.InvalidArgumentException" message="invalid argument: File not found : C:\Users\NEXSOFT\git\INTEGRATION-BOIM-NICO-NISA\INTEGRATION-BOIM-NICO-NISA\src\main\resources\gambarnisa\jerome.jpeg
  (Session info: chrome=105.0.5195.127)
Build info: version: &amp;apos;4.4.0&amp;apos;, revision: &amp;apos;e5c75ed026a&amp;apos;
System info: host: &amp;apos;DESKTOP-8OTT66F&amp;apos;, ip: &amp;apos;192.168.0.11&amp;apos;, os.name: &amp;apos;Windows 10&amp;apos;, os.arch: &amp;apos;amd64&amp;apos;, os.version: &amp;apos;10.0&amp;apos;, java.version: &amp;apos;17.0.4.1&amp;apos;
Driver info: org.openqa.selenium.chrome.ChromeDriver
Command: [b91b9cc2b751a4292dcc5c13c338190c, sendKeysToElement {id=ecd3c3b9-23df-4b81-874e-0f94f090b697, value=[Ljava.lang.CharSequence;@330f3046}]
Capabilities {acceptInsecureCerts: false, browserName: chrome, browserVersion: 105.0.5195.127, chrome: {chromedriverVersion: 105.0.5195.52 (412c95e51883..., userDataDir: C:\Users\NEXSOFT\AppData\Lo...}, goog:chromeOptions: {debuggerAddress: localhost:51677}, networkConnectionEnabled: false, pageLoadStrategy: normal, platformName: WINDOWS, proxy: Proxy(), se:cdp: ws://localhost:51677/devtoo..., se:cdpVersion: 105.0.5195.127, setWindowRect: true, strictFileInteractability: false, timeouts: {implicit: 0, pageLoad: 300000, script: 30000}, unhandledPromptBehavior: dismiss and notify, webauthn:extension:credBlob: true, webauthn:extension:largeBlob: true, webauthn:virtualAuthenticators: true}
Element: [[ChromeDriver: chrome on WINDOWS (b91b9cc2b751a4292dcc5c13c338190c)] -&amp;gt; xpath: //input[@name=&amp;apos;uploadedFile&amp;apos;]]
Session ID: b91b9cc2b751a4292dcc5c13c338190c">
      <![CDATA[org.openqa.selenium.InvalidArgumentException: invalid argument: File not found : C:\Users\NEXSOFT\git\INTEGRATION-BOIM-NICO-NISA\INTEGRATION-BOIM-NICO-NISA\src\main\resources\gambarnisa\jerome.jpeg
  (Session info: chrome=105.0.5195.127)
Build info: version: '4.4.0', revision: 'e5c75ed026a'
System info: host: 'DESKTOP-8OTT66F', ip: '192.168.0.11', os.name: 'Windows 10', os.arch: 'amd64', os.version: '10.0', java.version: '17.0.4.1'
Driver info: org.openqa.selenium.chrome.ChromeDriver
Command: [b91b9cc2b751a4292dcc5c13c338190c, sendKeysToElement {id=ecd3c3b9-23df-4b81-874e-0f94f090b697, value=[Ljava.lang.CharSequence;@330f3046}]
Capabilities {acceptInsecureCerts: false, browserName: chrome, browserVersion: 105.0.5195.127, chrome: {chromedriverVersion: 105.0.5195.52 (412c95e51883..., userDataDir: C:\Users\NEXSOFT\AppData\Lo...}, goog:chromeOptions: {debuggerAddress: localhost:51677}, networkConnectionEnabled: false, pageLoadStrategy: normal, platformName: WINDOWS, proxy: Proxy(), se:cdp: ws://localhost:51677/devtoo..., se:cdpVersion: 105.0.5195.127, setWindowRect: true, strictFileInteractability: false, timeouts: {implicit: 0, pageLoad: 300000, script: 30000}, unhandledPromptBehavior: dismiss and notify, webauthn:extension:credBlob: true, webauthn:extension:largeBlob: true, webauthn:virtualAuthenticators: true}
Element: [[ChromeDriver: chrome on WINDOWS (b91b9cc2b751a4292dcc5c13c338190c)] -> xpath: //input[@name='uploadedFile']]
Session ID: b91b9cc2b751a4292dcc5c13c338190c
at java.base/jdk.internal.reflect.NativeConstructorAccessorImpl.newInstance0(Native Method)
at java.base/jdk.internal.reflect.NativeConstructorAccessorImpl.newInstance(NativeConstructorAccessorImpl.java:77)
at java.base/jdk.internal.reflect.DelegatingConstructorAccessorImpl.newInstance(DelegatingConstructorAccessorImpl.java:45)
at java.base/java.lang.reflect.Constructor.newInstanceWithCaller(Constructor.java:499)
at java.base/java.lang.reflect.Constructor.newInstance(Constructor.java:480)
at org.openqa.selenium.remote.codec.w3c.W3CHttpResponseCodec.createException(W3CHttpResponseCodec.java:200)
at org.openqa.selenium.remote.codec.w3c.W3CHttpResponseCodec.decode(W3CHttpResponseCodec.java:133)
at org.openqa.selenium.remote.codec.w3c.W3CHttpResponseCodec.decode(W3CHttpResponseCodec.java:53)
at org.openqa.selenium.remote.HttpCommandExecutor.execute(HttpCommandExecutor.java:184)
at org.openqa.selenium.remote.service.DriverCommandExecutor.invokeExecute(DriverCommandExecutor.java:167)
at org.openqa.selenium.remote.service.DriverCommandExecutor.execute(DriverCommandExecutor.java:142)
at org.openqa.selenium.remote.RemoteWebDriver.execute(RemoteWebDriver.java:547)
at org.openqa.selenium.remote.RemoteWebElement.execute(RemoteWebElement.java:257)
at org.openqa.selenium.remote.RemoteWebElement.sendKeys(RemoteWebElement.java:113)
at jdk.internal.reflect.GeneratedMethodAccessor128.invoke(Unknown Source)
at java.base/jdk.internal.reflect.DelegatingMethodAccessorImpl.invoke(DelegatingMethodAccessorImpl.java:43)
at java.base/java.lang.reflect.Method.invoke(Method.java:568)
at org.openqa.selenium.support.pagefactory.internal.LocatingElementHandler.invoke(LocatingElementHandler.java:52)
at jdk.proxy2/jdk.proxy2.$Proxy32.sendKeys(Unknown Source)
at cucumber.framework.page.jcadmin.JCAdminTestimonial.uploadFile(JCAdminTestimonial.java:302)
at cucumber.framework.page.jcadmin.JCAdminTestimonial.tambahDataTestimonialNegativeActive(JCAdminTestimonial.java:312)
at cucumber.framework.runner.jcadmin.Anisa.JCTambahNegatifTestimonialImpl.admin_mengisi_form_negative_dengan_rating_angka_rating_active(JCTambahNegatifTestimonialImpl.java:50)
at ?.TE002N Admin mengisi form negative dengan rating 1 active(file:///C:/Users/NEXSOFT/git/INTEGRATION-BOIM-NICO-NISA/INTEGRATION-BOIM-NICO-NISA/src/main/resources/jcadmin/anisa/002Testimonial002TambahNegatif.feature:7)
]]>
    </failure>
  </testcase> <!-- runScenario -->
  <testcase classname="io.cucumber.testng.AbstractTestNGCucumberTests" name="runScenario" time="9.12">
    <failure type="org.openqa.selenium.InvalidArgumentException" message="invalid argument: File not found : C:\Users\NEXSOFT\git\INTEGRATION-BOIM-NICO-NISA\INTEGRATION-BOIM-NICO-NISA\src\main\resources\gambarnisa\jerome.jpeg
  (Session info: chrome=105.0.5195.127)
Build info: version: &amp;apos;4.4.0&amp;apos;, revision: &amp;apos;e5c75ed026a&amp;apos;
System info: host: &amp;apos;DESKTOP-8OTT66F&amp;apos;, ip: &amp;apos;192.168.0.11&amp;apos;, os.name: &amp;apos;Windows 10&amp;apos;, os.arch: &amp;apos;amd64&amp;apos;, os.version: &amp;apos;10.0&amp;apos;, java.version: &amp;apos;17.0.4.1&amp;apos;
Driver info: org.openqa.selenium.chrome.ChromeDriver
Command: [b91b9cc2b751a4292dcc5c13c338190c, sendKeysToElement {id=a47f9d30-8881-45af-996b-23bf5d6dd4e0, value=[Ljava.lang.CharSequence;@18b12df9}]
Capabilities {acceptInsecureCerts: false, browserName: chrome, browserVersion: 105.0.5195.127, chrome: {chromedriverVersion: 105.0.5195.52 (412c95e51883..., userDataDir: C:\Users\NEXSOFT\AppData\Lo...}, goog:chromeOptions: {debuggerAddress: localhost:51677}, networkConnectionEnabled: false, pageLoadStrategy: normal, platformName: WINDOWS, proxy: Proxy(), se:cdp: ws://localhost:51677/devtoo..., se:cdpVersion: 105.0.5195.127, setWindowRect: true, strictFileInteractability: false, timeouts: {implicit: 0, pageLoad: 300000, script: 30000}, unhandledPromptBehavior: dismiss and notify, webauthn:extension:credBlob: true, webauthn:extension:largeBlob: true, webauthn:virtualAuthenticators: true}
Element: [[ChromeDriver: chrome on WINDOWS (b91b9cc2b751a4292dcc5c13c338190c)] -&amp;gt; xpath: //input[@name=&amp;apos;uploadedFile&amp;apos;]]
Session ID: b91b9cc2b751a4292dcc5c13c338190c">
      <![CDATA[org.openqa.selenium.InvalidArgumentException: invalid argument: File not found : C:\Users\NEXSOFT\git\INTEGRATION-BOIM-NICO-NISA\INTEGRATION-BOIM-NICO-NISA\src\main\resources\gambarnisa\jerome.jpeg
  (Session info: chrome=105.0.5195.127)
Build info: version: '4.4.0', revision: 'e5c75ed026a'
System info: host: 'DESKTOP-8OTT66F', ip: '192.168.0.11', os.name: 'Windows 10', os.arch: 'amd64', os.version: '10.0', java.version: '17.0.4.1'
Driver info: org.openqa.selenium.chrome.ChromeDriver
Command: [b91b9cc2b751a4292dcc5c13c338190c, sendKeysToElement {id=a47f9d30-8881-45af-996b-23bf5d6dd4e0, value=[Ljava.lang.CharSequence;@18b12df9}]
Capabilities {acceptInsecureCerts: false, browserName: chrome, browserVersion: 105.0.5195.127, chrome: {chromedriverVersion: 105.0.5195.52 (412c95e51883..., userDataDir: C:\Users\NEXSOFT\AppData\Lo...}, goog:chromeOptions: {debuggerAddress: localhost:51677}, networkConnectionEnabled: false, pageLoadStrategy: normal, platformName: WINDOWS, proxy: Proxy(), se:cdp: ws://localhost:51677/devtoo..., se:cdpVersion: 105.0.5195.127, setWindowRect: true, strictFileInteractability: false, timeouts: {implicit: 0, pageLoad: 300000, script: 30000}, unhandledPromptBehavior: dismiss and notify, webauthn:extension:credBlob: true, webauthn:extension:largeBlob: true, webauthn:virtualAuthenticators: true}
Element: [[ChromeDriver: chrome on WINDOWS (b91b9cc2b751a4292dcc5c13c338190c)] -> xpath: //input[@name='uploadedFile']]
Session ID: b91b9cc2b751a4292dcc5c13c338190c
at java.base/jdk.internal.reflect.NativeConstructorAccessorImpl.newInstance0(Native Method)
at java.base/jdk.internal.reflect.NativeConstructorAccessorImpl.newInstance(NativeConstructorAccessorImpl.java:77)
at java.base/jdk.internal.reflect.DelegatingConstructorAccessorImpl.newInstance(DelegatingConstructorAccessorImpl.java:45)
at java.base/java.lang.reflect.Constructor.newInstanceWithCaller(Constructor.java:499)
at java.base/java.lang.reflect.Constructor.newInstance(Constructor.java:480)
at org.openqa.selenium.remote.codec.w3c.W3CHttpResponseCodec.createException(W3CHttpResponseCodec.java:200)
at org.openqa.selenium.remote.codec.w3c.W3CHttpResponseCodec.decode(W3CHttpResponseCodec.java:133)
at org.openqa.selenium.remote.codec.w3c.W3CHttpResponseCodec.decode(W3CHttpResponseCodec.java:53)
at org.openqa.selenium.remote.HttpCommandExecutor.execute(HttpCommandExecutor.java:184)
at org.openqa.selenium.remote.service.DriverCommandExecutor.invokeExecute(DriverCommandExecutor.java:167)
at org.openqa.selenium.remote.service.DriverCommandExecutor.execute(DriverCommandExecutor.java:142)
at org.openqa.selenium.remote.RemoteWebDriver.execute(RemoteWebDriver.java:547)
at org.openqa.selenium.remote.RemoteWebElement.execute(RemoteWebElement.java:257)
at org.openqa.selenium.remote.RemoteWebElement.sendKeys(RemoteWebElement.java:113)
at jdk.internal.reflect.GeneratedMethodAccessor128.invoke(Unknown Source)
at java.base/jdk.internal.reflect.DelegatingMethodAccessorImpl.invoke(DelegatingMethodAccessorImpl.java:43)
at java.base/java.lang.reflect.Method.invoke(Method.java:568)
at org.openqa.selenium.support.pagefactory.internal.LocatingElementHandler.invoke(LocatingElementHandler.java:52)
at jdk.proxy2/jdk.proxy2.$Proxy32.sendKeys(Unknown Source)
at cucumber.framework.page.jcadmin.JCAdminTestimonial.uploadFile(JCAdminTestimonial.java:302)
at cucumber.framework.page.jcadmin.JCAdminTestimonial.tambahDataTestimonialNegativeActive(JCAdminTestimonial.java:312)
at cucumber.framework.runner.jcadmin.Anisa.JCTambahNegatifTestimonialImpl.admin_mengisi_form_negative_dengan_rating_angka_rating_active(JCTambahNegatifTestimonialImpl.java:50)
at ?.TE003N Admin mengisi form negative dengan rating 2 active(file:///C:/Users/NEXSOFT/git/INTEGRATION-BOIM-NICO-NISA/INTEGRATION-BOIM-NICO-NISA/src/main/resources/jcadmin/anisa/002Testimonial002TambahNegatif.feature:7)
]]>
    </failure>
  </testcase> <!-- runScenario -->
  <testcase classname="io.cucumber.testng.AbstractTestNGCucumberTests" name="runScenario" time="9.09">
    <failure type="org.openqa.selenium.InvalidArgumentException" message="invalid argument: File not found : C:\Users\NEXSOFT\git\INTEGRATION-BOIM-NICO-NISA\INTEGRATION-BOIM-NICO-NISA\src\main\resources\gambarnisa\jerome.jpeg
  (Session info: chrome=105.0.5195.127)
Build info: version: &amp;apos;4.4.0&amp;apos;, revision: &amp;apos;e5c75ed026a&amp;apos;
System info: host: &amp;apos;DESKTOP-8OTT66F&amp;apos;, ip: &amp;apos;192.168.0.11&amp;apos;, os.name: &amp;apos;Windows 10&amp;apos;, os.arch: &amp;apos;amd64&amp;apos;, os.version: &amp;apos;10.0&amp;apos;, java.version: &amp;apos;17.0.4.1&amp;apos;
Driver info: org.openqa.selenium.chrome.ChromeDriver
Command: [b91b9cc2b751a4292dcc5c13c338190c, sendKeysToElement {id=d0135517-1766-4904-ab94-23addd72b4ae, value=[Ljava.lang.CharSequence;@72e4905c}]
Capabilities {acceptInsecureCerts: false, browserName: chrome, browserVersion: 105.0.5195.127, chrome: {chromedriverVersion: 105.0.5195.52 (412c95e51883..., userDataDir: C:\Users\NEXSOFT\AppData\Lo...}, goog:chromeOptions: {debuggerAddress: localhost:51677}, networkConnectionEnabled: false, pageLoadStrategy: normal, platformName: WINDOWS, proxy: Proxy(), se:cdp: ws://localhost:51677/devtoo..., se:cdpVersion: 105.0.5195.127, setWindowRect: true, strictFileInteractability: false, timeouts: {implicit: 0, pageLoad: 300000, script: 30000}, unhandledPromptBehavior: dismiss and notify, webauthn:extension:credBlob: true, webauthn:extension:largeBlob: true, webauthn:virtualAuthenticators: true}
Element: [[ChromeDriver: chrome on WINDOWS (b91b9cc2b751a4292dcc5c13c338190c)] -&amp;gt; xpath: //input[@name=&amp;apos;uploadedFile&amp;apos;]]
Session ID: b91b9cc2b751a4292dcc5c13c338190c">
      <![CDATA[org.openqa.selenium.InvalidArgumentException: invalid argument: File not found : C:\Users\NEXSOFT\git\INTEGRATION-BOIM-NICO-NISA\INTEGRATION-BOIM-NICO-NISA\src\main\resources\gambarnisa\jerome.jpeg
  (Session info: chrome=105.0.5195.127)
Build info: version: '4.4.0', revision: 'e5c75ed026a'
System info: host: 'DESKTOP-8OTT66F', ip: '192.168.0.11', os.name: 'Windows 10', os.arch: 'amd64', os.version: '10.0', java.version: '17.0.4.1'
Driver info: org.openqa.selenium.chrome.ChromeDriver
Command: [b91b9cc2b751a4292dcc5c13c338190c, sendKeysToElement {id=d0135517-1766-4904-ab94-23addd72b4ae, value=[Ljava.lang.CharSequence;@72e4905c}]
Capabilities {acceptInsecureCerts: false, browserName: chrome, browserVersion: 105.0.5195.127, chrome: {chromedriverVersion: 105.0.5195.52 (412c95e51883..., userDataDir: C:\Users\NEXSOFT\AppData\Lo...}, goog:chromeOptions: {debuggerAddress: localhost:51677}, networkConnectionEnabled: false, pageLoadStrategy: normal, platformName: WINDOWS, proxy: Proxy(), se:cdp: ws://localhost:51677/devtoo..., se:cdpVersion: 105.0.5195.127, setWindowRect: true, strictFileInteractability: false, timeouts: {implicit: 0, pageLoad: 300000, script: 30000}, unhandledPromptBehavior: dismiss and notify, webauthn:extension:credBlob: true, webauthn:extension:largeBlob: true, webauthn:virtualAuthenticators: true}
Element: [[ChromeDriver: chrome on WINDOWS (b91b9cc2b751a4292dcc5c13c338190c)] -> xpath: //input[@name='uploadedFile']]
Session ID: b91b9cc2b751a4292dcc5c13c338190c
at java.base/jdk.internal.reflect.NativeConstructorAccessorImpl.newInstance0(Native Method)
at java.base/jdk.internal.reflect.NativeConstructorAccessorImpl.newInstance(NativeConstructorAccessorImpl.java:77)
at java.base/jdk.internal.reflect.DelegatingConstructorAccessorImpl.newInstance(DelegatingConstructorAccessorImpl.java:45)
at java.base/java.lang.reflect.Constructor.newInstanceWithCaller(Constructor.java:499)
at java.base/java.lang.reflect.Constructor.newInstance(Constructor.java:480)
at org.openqa.selenium.remote.codec.w3c.W3CHttpResponseCodec.createException(W3CHttpResponseCodec.java:200)
at org.openqa.selenium.remote.codec.w3c.W3CHttpResponseCodec.decode(W3CHttpResponseCodec.java:133)
at org.openqa.selenium.remote.codec.w3c.W3CHttpResponseCodec.decode(W3CHttpResponseCodec.java:53)
at org.openqa.selenium.remote.HttpCommandExecutor.execute(HttpCommandExecutor.java:184)
at org.openqa.selenium.remote.service.DriverCommandExecutor.invokeExecute(DriverCommandExecutor.java:167)
at org.openqa.selenium.remote.service.DriverCommandExecutor.execute(DriverCommandExecutor.java:142)
at org.openqa.selenium.remote.RemoteWebDriver.execute(RemoteWebDriver.java:547)
at org.openqa.selenium.remote.RemoteWebElement.execute(RemoteWebElement.java:257)
at org.openqa.selenium.remote.RemoteWebElement.sendKeys(RemoteWebElement.java:113)
at jdk.internal.reflect.GeneratedMethodAccessor128.invoke(Unknown Source)
at java.base/jdk.internal.reflect.DelegatingMethodAccessorImpl.invoke(DelegatingMethodAccessorImpl.java:43)
at java.base/java.lang.reflect.Method.invoke(Method.java:568)
at org.openqa.selenium.support.pagefactory.internal.LocatingElementHandler.invoke(LocatingElementHandler.java:52)
at jdk.proxy2/jdk.proxy2.$Proxy32.sendKeys(Unknown Source)
at cucumber.framework.page.jcadmin.JCAdminTestimonial.uploadFile(JCAdminTestimonial.java:302)
at cucumber.framework.page.jcadmin.JCAdminTestimonial.tambahDataTestimonialNegativeActive(JCAdminTestimonial.java:312)
at cucumber.framework.runner.jcadmin.Anisa.JCTambahNegatifTestimonialImpl.admin_mengisi_form_negative_dengan_rating_angka_rating_active(JCTambahNegatifTestimonialImpl.java:50)
at ?.TE004N Admin mengisi form negative dengan rating 3 active(file:///C:/Users/NEXSOFT/git/INTEGRATION-BOIM-NICO-NISA/INTEGRATION-BOIM-NICO-NISA/src/main/resources/jcadmin/anisa/002Testimonial002TambahNegatif.feature:7)
]]>
    </failure>
  </testcase> <!-- runScenario -->
  <testcase classname="io.cucumber.testng.AbstractTestNGCucumberTests" name="runScenario" time="31.311">
    <failure type="org.openqa.selenium.InvalidArgumentException" message="invalid argument: File not found : C:\Users\NEXSOFT\git\INTEGRATION-BOIM-NICO-NISA\INTEGRATION-BOIM-NICO-NISA\src\main\resources\gambarnisa\jerome.jpeg
  (Session info: chrome=105.0.5195.127)
Build info: version: &amp;apos;4.4.0&amp;apos;, revision: &amp;apos;e5c75ed026a&amp;apos;
System info: host: &amp;apos;DESKTOP-8OTT66F&amp;apos;, ip: &amp;apos;192.168.0.11&amp;apos;, os.name: &amp;apos;Windows 10&amp;apos;, os.arch: &amp;apos;amd64&amp;apos;, os.version: &amp;apos;10.0&amp;apos;, java.version: &amp;apos;17.0.4.1&amp;apos;
Driver info: org.openqa.selenium.chrome.ChromeDriver
Command: [b91b9cc2b751a4292dcc5c13c338190c, sendKeysToElement {id=52f7a265-e823-449c-8891-17c3c0c99722, value=[Ljava.lang.CharSequence;@3dcc59f5}]
Capabilities {acceptInsecureCerts: false, browserName: chrome, browserVersion: 105.0.5195.127, chrome: {chromedriverVersion: 105.0.5195.52 (412c95e51883..., userDataDir: C:\Users\NEXSOFT\AppData\Lo...}, goog:chromeOptions: {debuggerAddress: localhost:51677}, networkConnectionEnabled: false, pageLoadStrategy: normal, platformName: WINDOWS, proxy: Proxy(), se:cdp: ws://localhost:51677/devtoo..., se:cdpVersion: 105.0.5195.127, setWindowRect: true, strictFileInteractability: false, timeouts: {implicit: 0, pageLoad: 300000, script: 30000}, unhandledPromptBehavior: dismiss and notify, webauthn:extension:credBlob: true, webauthn:extension:largeBlob: true, webauthn:virtualAuthenticators: true}
Element: [[ChromeDriver: chrome on WINDOWS (b91b9cc2b751a4292dcc5c13c338190c)] -&amp;gt; xpath: //input[@name=&amp;apos;uploadedFile&amp;apos;]]
Session ID: b91b9cc2b751a4292dcc5c13c338190c">
      <![CDATA[org.openqa.selenium.InvalidArgumentException: invalid argument: File not found : C:\Users\NEXSOFT\git\INTEGRATION-BOIM-NICO-NISA\INTEGRATION-BOIM-NICO-NISA\src\main\resources\gambarnisa\jerome.jpeg
  (Session info: chrome=105.0.5195.127)
Build info: version: '4.4.0', revision: 'e5c75ed026a'
System info: host: 'DESKTOP-8OTT66F', ip: '192.168.0.11', os.name: 'Windows 10', os.arch: 'amd64', os.version: '10.0', java.version: '17.0.4.1'
Driver info: org.openqa.selenium.chrome.ChromeDriver
Command: [b91b9cc2b751a4292dcc5c13c338190c, sendKeysToElement {id=52f7a265-e823-449c-8891-17c3c0c99722, value=[Ljava.lang.CharSequence;@3dcc59f5}]
Capabilities {acceptInsecureCerts: false, browserName: chrome, browserVersion: 105.0.5195.127, chrome: {chromedriverVersion: 105.0.5195.52 (412c95e51883..., userDataDir: C:\Users\NEXSOFT\AppData\Lo...}, goog:chromeOptions: {debuggerAddress: localhost:51677}, networkConnectionEnabled: false, pageLoadStrategy: normal, platformName: WINDOWS, proxy: Proxy(), se:cdp: ws://localhost:51677/devtoo..., se:cdpVersion: 105.0.5195.127, setWindowRect: true, strictFileInteractability: false, timeouts: {implicit: 0, pageLoad: 300000, script: 30000}, unhandledPromptBehavior: dismiss and notify, webauthn:extension:credBlob: true, webauthn:extension:largeBlob: true, webauthn:virtualAuthenticators: true}
Element: [[ChromeDriver: chrome on WINDOWS (b91b9cc2b751a4292dcc5c13c338190c)] -> xpath: //input[@name='uploadedFile']]
Session ID: b91b9cc2b751a4292dcc5c13c338190c
at java.base/jdk.internal.reflect.NativeConstructorAccessorImpl.newInstance0(Native Method)
at java.base/jdk.internal.reflect.NativeConstructorAccessorImpl.newInstance(NativeConstructorAccessorImpl.java:77)
at java.base/jdk.internal.reflect.DelegatingConstructorAccessorImpl.newInstance(DelegatingConstructorAccessorImpl.java:45)
at java.base/java.lang.reflect.Constructor.newInstanceWithCaller(Constructor.java:499)
at java.base/java.lang.reflect.Constructor.newInstance(Constructor.java:480)
at org.openqa.selenium.remote.codec.w3c.W3CHttpResponseCodec.createException(W3CHttpResponseCodec.java:200)
at org.openqa.selenium.remote.codec.w3c.W3CHttpResponseCodec.decode(W3CHttpResponseCodec.java:133)
at org.openqa.selenium.remote.codec.w3c.W3CHttpResponseCodec.decode(W3CHttpResponseCodec.java:53)
at org.openqa.selenium.remote.HttpCommandExecutor.execute(HttpCommandExecutor.java:184)
at org.openqa.selenium.remote.service.DriverCommandExecutor.invokeExecute(DriverCommandExecutor.java:167)
at org.openqa.selenium.remote.service.DriverCommandExecutor.execute(DriverCommandExecutor.java:142)
at org.openqa.selenium.remote.RemoteWebDriver.execute(RemoteWebDriver.java:547)
at org.openqa.selenium.remote.RemoteWebElement.execute(RemoteWebElement.java:257)
at org.openqa.selenium.remote.RemoteWebElement.sendKeys(RemoteWebElement.java:113)
at jdk.internal.reflect.GeneratedMethodAccessor128.invoke(Unknown Source)
at java.base/jdk.internal.reflect.DelegatingMethodAccessorImpl.invoke(DelegatingMethodAccessorImpl.java:43)
at java.base/java.lang.reflect.Method.invoke(Method.java:568)
at org.openqa.selenium.support.pagefactory.internal.LocatingElementHandler.invoke(LocatingElementHandler.java:52)
at jdk.proxy2/jdk.proxy2.$Proxy32.sendKeys(Unknown Source)
at cucumber.framework.page.jcadmin.JCAdminTestimonial.uploadFile(JCAdminTestimonial.java:302)
at cucumber.framework.page.jcadmin.JCAdminTestimonial.tambahDataTestimonialNegativeActive(JCAdminTestimonial.java:312)
at cucumber.framework.runner.jcadmin.Anisa.JCTambahNegatifTestimonialImpl.admin_mengisi_form_negative_dengan_rating_angka_rating_active(JCTambahNegatifTestimonialImpl.java:50)
at ?.TE005N Admin mengisi form negative dengan rating 4 active(file:///C:/Users/NEXSOFT/git/INTEGRATION-BOIM-NICO-NISA/INTEGRATION-BOIM-NICO-NISA/src/main/resources/jcadmin/anisa/002Testimonial002TambahNegatif.feature:7)
]]>
    </failure>
  </testcase> <!-- runScenario -->
  <testcase classname="io.cucumber.testng.AbstractTestNGCucumberTests" name="runScenario" time="9.343">
    <failure type="org.openqa.selenium.InvalidArgumentException" message="invalid argument: File not found : C:\Users\NEXSOFT\git\INTEGRATION-BOIM-NICO-NISA\INTEGRATION-BOIM-NICO-NISA\src\main\resources\gambarnisa\jerome.jpeg
  (Session info: chrome=105.0.5195.127)
Build info: version: &amp;apos;4.4.0&amp;apos;, revision: &amp;apos;e5c75ed026a&amp;apos;
System info: host: &amp;apos;DESKTOP-8OTT66F&amp;apos;, ip: &amp;apos;192.168.0.11&amp;apos;, os.name: &amp;apos;Windows 10&amp;apos;, os.arch: &amp;apos;amd64&amp;apos;, os.version: &amp;apos;10.0&amp;apos;, java.version: &amp;apos;17.0.4.1&amp;apos;
Driver info: org.openqa.selenium.chrome.ChromeDriver
Command: [b91b9cc2b751a4292dcc5c13c338190c, sendKeysToElement {id=b37885d5-57e5-4875-9c46-1c7955054654, value=[Ljava.lang.CharSequence;@35355074}]
Capabilities {acceptInsecureCerts: false, browserName: chrome, browserVersion: 105.0.5195.127, chrome: {chromedriverVersion: 105.0.5195.52 (412c95e51883..., userDataDir: C:\Users\NEXSOFT\AppData\Lo...}, goog:chromeOptions: {debuggerAddress: localhost:51677}, networkConnectionEnabled: false, pageLoadStrategy: normal, platformName: WINDOWS, proxy: Proxy(), se:cdp: ws://localhost:51677/devtoo..., se:cdpVersion: 105.0.5195.127, setWindowRect: true, strictFileInteractability: false, timeouts: {implicit: 0, pageLoad: 300000, script: 30000}, unhandledPromptBehavior: dismiss and notify, webauthn:extension:credBlob: true, webauthn:extension:largeBlob: true, webauthn:virtualAuthenticators: true}
Element: [[ChromeDriver: chrome on WINDOWS (b91b9cc2b751a4292dcc5c13c338190c)] -&amp;gt; xpath: //input[@name=&amp;apos;uploadedFile&amp;apos;]]
Session ID: b91b9cc2b751a4292dcc5c13c338190c">
      <![CDATA[org.openqa.selenium.InvalidArgumentException: invalid argument: File not found : C:\Users\NEXSOFT\git\INTEGRATION-BOIM-NICO-NISA\INTEGRATION-BOIM-NICO-NISA\src\main\resources\gambarnisa\jerome.jpeg
  (Session info: chrome=105.0.5195.127)
Build info: version: '4.4.0', revision: 'e5c75ed026a'
System info: host: 'DESKTOP-8OTT66F', ip: '192.168.0.11', os.name: 'Windows 10', os.arch: 'amd64', os.version: '10.0', java.version: '17.0.4.1'
Driver info: org.openqa.selenium.chrome.ChromeDriver
Command: [b91b9cc2b751a4292dcc5c13c338190c, sendKeysToElement {id=b37885d5-57e5-4875-9c46-1c7955054654, value=[Ljava.lang.CharSequence;@35355074}]
Capabilities {acceptInsecureCerts: false, browserName: chrome, browserVersion: 105.0.5195.127, chrome: {chromedriverVersion: 105.0.5195.52 (412c95e51883..., userDataDir: C:\Users\NEXSOFT\AppData\Lo...}, goog:chromeOptions: {debuggerAddress: localhost:51677}, networkConnectionEnabled: false, pageLoadStrategy: normal, platformName: WINDOWS, proxy: Proxy(), se:cdp: ws://localhost:51677/devtoo..., se:cdpVersion: 105.0.5195.127, setWindowRect: true, strictFileInteractability: false, timeouts: {implicit: 0, pageLoad: 300000, script: 30000}, unhandledPromptBehavior: dismiss and notify, webauthn:extension:credBlob: true, webauthn:extension:largeBlob: true, webauthn:virtualAuthenticators: true}
Element: [[ChromeDriver: chrome on WINDOWS (b91b9cc2b751a4292dcc5c13c338190c)] -> xpath: //input[@name='uploadedFile']]
Session ID: b91b9cc2b751a4292dcc5c13c338190c
at java.base/jdk.internal.reflect.NativeConstructorAccessorImpl.newInstance0(Native Method)
at java.base/jdk.internal.reflect.NativeConstructorAccessorImpl.newInstance(NativeConstructorAccessorImpl.java:77)
at java.base/jdk.internal.reflect.DelegatingConstructorAccessorImpl.newInstance(DelegatingConstructorAccessorImpl.java:45)
at java.base/java.lang.reflect.Constructor.newInstanceWithCaller(Constructor.java:499)
at java.base/java.lang.reflect.Constructor.newInstance(Constructor.java:480)
at org.openqa.selenium.remote.codec.w3c.W3CHttpResponseCodec.createException(W3CHttpResponseCodec.java:200)
at org.openqa.selenium.remote.codec.w3c.W3CHttpResponseCodec.decode(W3CHttpResponseCodec.java:133)
at org.openqa.selenium.remote.codec.w3c.W3CHttpResponseCodec.decode(W3CHttpResponseCodec.java:53)
at org.openqa.selenium.remote.HttpCommandExecutor.execute(HttpCommandExecutor.java:184)
at org.openqa.selenium.remote.service.DriverCommandExecutor.invokeExecute(DriverCommandExecutor.java:167)
at org.openqa.selenium.remote.service.DriverCommandExecutor.execute(DriverCommandExecutor.java:142)
at org.openqa.selenium.remote.RemoteWebDriver.execute(RemoteWebDriver.java:547)
at org.openqa.selenium.remote.RemoteWebElement.execute(RemoteWebElement.java:257)
at org.openqa.selenium.remote.RemoteWebElement.sendKeys(RemoteWebElement.java:113)
at jdk.internal.reflect.GeneratedMethodAccessor128.invoke(Unknown Source)
at java.base/jdk.internal.reflect.DelegatingMethodAccessorImpl.invoke(DelegatingMethodAccessorImpl.java:43)
at java.base/java.lang.reflect.Method.invoke(Method.java:568)
at org.openqa.selenium.support.pagefactory.internal.LocatingElementHandler.invoke(LocatingElementHandler.java:52)
at jdk.proxy2/jdk.proxy2.$Proxy32.sendKeys(Unknown Source)
at cucumber.framework.page.jcadmin.JCAdminTestimonial.uploadFile(JCAdminTestimonial.java:302)
at cucumber.framework.page.jcadmin.JCAdminTestimonial.tambahDataTestimonialNegativeActive(JCAdminTestimonial.java:312)
at cucumber.framework.runner.jcadmin.Anisa.JCTambahNegatifTestimonialImpl.admin_mengisi_form_negative_dengan_rating_angka_rating_active(JCTambahNegatifTestimonialImpl.java:50)
at ?.TE006N Admin mengisi form negative dengan rating 5 active(file:///C:/Users/NEXSOFT/git/INTEGRATION-BOIM-NICO-NISA/INTEGRATION-BOIM-NICO-NISA/src/main/resources/jcadmin/anisa/002Testimonial002TambahNegatif.feature:7)
]]>
    </failure>
  </testcase> <!-- runScenario -->
  <testcase classname="io.cucumber.testng.AbstractTestNGCucumberTests" name="runScenario" time="8.892">
    <failure type="org.openqa.selenium.InvalidArgumentException" message="invalid argument: File not found : C:\Users\NEXSOFT\git\INTEGRATION-BOIM-NICO-NISA\INTEGRATION-BOIM-NICO-NISA\src\main\resources\gambarnisa\dev.png
  (Session info: chrome=105.0.5195.127)
Build info: version: &amp;apos;4.4.0&amp;apos;, revision: &amp;apos;e5c75ed026a&amp;apos;
System info: host: &amp;apos;DESKTOP-8OTT66F&amp;apos;, ip: &amp;apos;192.168.0.11&amp;apos;, os.name: &amp;apos;Windows 10&amp;apos;, os.arch: &amp;apos;amd64&amp;apos;, os.version: &amp;apos;10.0&amp;apos;, java.version: &amp;apos;17.0.4.1&amp;apos;
Driver info: org.openqa.selenium.chrome.ChromeDriver
Command: [b91b9cc2b751a4292dcc5c13c338190c, sendKeysToElement {id=7ddfa9c8-24f8-4362-8013-b2b0cdde4c16, value=[Ljava.lang.CharSequence;@185b998d}]
Capabilities {acceptInsecureCerts: false, browserName: chrome, browserVersion: 105.0.5195.127, chrome: {chromedriverVersion: 105.0.5195.52 (412c95e51883..., userDataDir: C:\Users\NEXSOFT\AppData\Lo...}, goog:chromeOptions: {debuggerAddress: localhost:51677}, networkConnectionEnabled: false, pageLoadStrategy: normal, platformName: WINDOWS, proxy: Proxy(), se:cdp: ws://localhost:51677/devtoo..., se:cdpVersion: 105.0.5195.127, setWindowRect: true, strictFileInteractability: false, timeouts: {implicit: 0, pageLoad: 300000, script: 30000}, unhandledPromptBehavior: dismiss and notify, webauthn:extension:credBlob: true, webauthn:extension:largeBlob: true, webauthn:virtualAuthenticators: true}
Element: [[ChromeDriver: chrome on WINDOWS (b91b9cc2b751a4292dcc5c13c338190c)] -&amp;gt; xpath: //input[@name=&amp;apos;uploadedFile&amp;apos;]]
Session ID: b91b9cc2b751a4292dcc5c13c338190c">
      <![CDATA[org.openqa.selenium.InvalidArgumentException: invalid argument: File not found : C:\Users\NEXSOFT\git\INTEGRATION-BOIM-NICO-NISA\INTEGRATION-BOIM-NICO-NISA\src\main\resources\gambarnisa\dev.png
  (Session info: chrome=105.0.5195.127)
Build info: version: '4.4.0', revision: 'e5c75ed026a'
System info: host: 'DESKTOP-8OTT66F', ip: '192.168.0.11', os.name: 'Windows 10', os.arch: 'amd64', os.version: '10.0', java.version: '17.0.4.1'
Driver info: org.openqa.selenium.chrome.ChromeDriver
Command: [b91b9cc2b751a4292dcc5c13c338190c, sendKeysToElement {id=7ddfa9c8-24f8-4362-8013-b2b0cdde4c16, value=[Ljava.lang.CharSequence;@185b998d}]
Capabilities {acceptInsecureCerts: false, browserName: chrome, browserVersion: 105.0.5195.127, chrome: {chromedriverVersion: 105.0.5195.52 (412c95e51883..., userDataDir: C:\Users\NEXSOFT\AppData\Lo...}, goog:chromeOptions: {debuggerAddress: localhost:51677}, networkConnectionEnabled: false, pageLoadStrategy: normal, platformName: WINDOWS, proxy: Proxy(), se:cdp: ws://localhost:51677/devtoo..., se:cdpVersion: 105.0.5195.127, setWindowRect: true, strictFileInteractability: false, timeouts: {implicit: 0, pageLoad: 300000, script: 30000}, unhandledPromptBehavior: dismiss and notify, webauthn:extension:credBlob: true, webauthn:extension:largeBlob: true, webauthn:virtualAuthenticators: true}
Element: [[ChromeDriver: chrome on WINDOWS (b91b9cc2b751a4292dcc5c13c338190c)] -> xpath: //input[@name='uploadedFile']]
Session ID: b91b9cc2b751a4292dcc5c13c338190c
at java.base/jdk.internal.reflect.NativeConstructorAccessorImpl.newInstance0(Native Method)
at java.base/jdk.internal.reflect.NativeConstructorAccessorImpl.newInstance(NativeConstructorAccessorImpl.java:77)
at java.base/jdk.internal.reflect.DelegatingConstructorAccessorImpl.newInstance(DelegatingConstructorAccessorImpl.java:45)
at java.base/java.lang.reflect.Constructor.newInstanceWithCaller(Constructor.java:499)
at java.base/java.lang.reflect.Constructor.newInstance(Constructor.java:480)
at org.openqa.selenium.remote.codec.w3c.W3CHttpResponseCodec.createException(W3CHttpResponseCodec.java:200)
at org.openqa.selenium.remote.codec.w3c.W3CHttpResponseCodec.decode(W3CHttpResponseCodec.java:133)
at org.openqa.selenium.remote.codec.w3c.W3CHttpResponseCodec.decode(W3CHttpResponseCodec.java:53)
at org.openqa.selenium.remote.HttpCommandExecutor.execute(HttpCommandExecutor.java:184)
at org.openqa.selenium.remote.service.DriverCommandExecutor.invokeExecute(DriverCommandExecutor.java:167)
at org.openqa.selenium.remote.service.DriverCommandExecutor.execute(DriverCommandExecutor.java:142)
at org.openqa.selenium.remote.RemoteWebDriver.execute(RemoteWebDriver.java:547)
at org.openqa.selenium.remote.RemoteWebElement.execute(RemoteWebElement.java:257)
at org.openqa.selenium.remote.RemoteWebElement.sendKeys(RemoteWebElement.java:113)
at jdk.internal.reflect.GeneratedMethodAccessor128.invoke(Unknown Source)
at java.base/jdk.internal.reflect.DelegatingMethodAccessorImpl.invoke(DelegatingMethodAccessorImpl.java:43)
at java.base/java.lang.reflect.Method.invoke(Method.java:568)
at org.openqa.selenium.support.pagefactory.internal.LocatingElementHandler.invoke(LocatingElementHandler.java:52)
at jdk.proxy2/jdk.proxy2.$Proxy32.sendKeys(Unknown Source)
at cucumber.framework.page.jcadmin.JCAdminTestimonial.uploadFile(JCAdminTestimonial.java:302)
at cucumber.framework.page.jcadmin.JCAdminTestimonial.tambahDataTestimonialNegativeNoActive(JCAdminTestimonial.java:328)
at cucumber.framework.runner.jcadmin.Anisa.JCTambahNegatifTestimonialImpl.admin_mengisi_form_tambah_negative_dengan_rating_angka_rating_publish_no_active(JCTambahNegatifTestimonialImpl.java:72)
at ?.TE007N Admin mengisi form tambah negative dengan rating 0 publish no active(file:///C:/Users/NEXSOFT/git/INTEGRATION-BOIM-NICO-NISA/INTEGRATION-BOIM-NICO-NISA/src/main/resources/jcadmin/anisa/002Testimonial002TambahNegatif.feature:21)
]]>
    </failure>
  </testcase> <!-- runScenario -->
  <testcase classname="io.cucumber.testng.AbstractTestNGCucumberTests" name="runScenario" time="8.881">
    <failure type="org.openqa.selenium.InvalidArgumentException" message="invalid argument: File not found : C:\Users\NEXSOFT\git\INTEGRATION-BOIM-NICO-NISA\INTEGRATION-BOIM-NICO-NISA\src\main\resources\gambarnisa\dev.png
  (Session info: chrome=105.0.5195.127)
Build info: version: &amp;apos;4.4.0&amp;apos;, revision: &amp;apos;e5c75ed026a&amp;apos;
System info: host: &amp;apos;DESKTOP-8OTT66F&amp;apos;, ip: &amp;apos;192.168.0.11&amp;apos;, os.name: &amp;apos;Windows 10&amp;apos;, os.arch: &amp;apos;amd64&amp;apos;, os.version: &amp;apos;10.0&amp;apos;, java.version: &amp;apos;17.0.4.1&amp;apos;
Driver info: org.openqa.selenium.chrome.ChromeDriver
Command: [b91b9cc2b751a4292dcc5c13c338190c, sendKeysToElement {id=1b56d94f-b17b-4074-829b-f861201b6ed5, value=[Ljava.lang.CharSequence;@78fb4f7f}]
Capabilities {acceptInsecureCerts: false, browserName: chrome, browserVersion: 105.0.5195.127, chrome: {chromedriverVersion: 105.0.5195.52 (412c95e51883..., userDataDir: C:\Users\NEXSOFT\AppData\Lo...}, goog:chromeOptions: {debuggerAddress: localhost:51677}, networkConnectionEnabled: false, pageLoadStrategy: normal, platformName: WINDOWS, proxy: Proxy(), se:cdp: ws://localhost:51677/devtoo..., se:cdpVersion: 105.0.5195.127, setWindowRect: true, strictFileInteractability: false, timeouts: {implicit: 0, pageLoad: 300000, script: 30000}, unhandledPromptBehavior: dismiss and notify, webauthn:extension:credBlob: true, webauthn:extension:largeBlob: true, webauthn:virtualAuthenticators: true}
Element: [[ChromeDriver: chrome on WINDOWS (b91b9cc2b751a4292dcc5c13c338190c)] -&amp;gt; xpath: //input[@name=&amp;apos;uploadedFile&amp;apos;]]
Session ID: b91b9cc2b751a4292dcc5c13c338190c">
      <![CDATA[org.openqa.selenium.InvalidArgumentException: invalid argument: File not found : C:\Users\NEXSOFT\git\INTEGRATION-BOIM-NICO-NISA\INTEGRATION-BOIM-NICO-NISA\src\main\resources\gambarnisa\dev.png
  (Session info: chrome=105.0.5195.127)
Build info: version: '4.4.0', revision: 'e5c75ed026a'
System info: host: 'DESKTOP-8OTT66F', ip: '192.168.0.11', os.name: 'Windows 10', os.arch: 'amd64', os.version: '10.0', java.version: '17.0.4.1'
Driver info: org.openqa.selenium.chrome.ChromeDriver
Command: [b91b9cc2b751a4292dcc5c13c338190c, sendKeysToElement {id=1b56d94f-b17b-4074-829b-f861201b6ed5, value=[Ljava.lang.CharSequence;@78fb4f7f}]
Capabilities {acceptInsecureCerts: false, browserName: chrome, browserVersion: 105.0.5195.127, chrome: {chromedriverVersion: 105.0.5195.52 (412c95e51883..., userDataDir: C:\Users\NEXSOFT\AppData\Lo...}, goog:chromeOptions: {debuggerAddress: localhost:51677}, networkConnectionEnabled: false, pageLoadStrategy: normal, platformName: WINDOWS, proxy: Proxy(), se:cdp: ws://localhost:51677/devtoo..., se:cdpVersion: 105.0.5195.127, setWindowRect: true, strictFileInteractability: false, timeouts: {implicit: 0, pageLoad: 300000, script: 30000}, unhandledPromptBehavior: dismiss and notify, webauthn:extension:credBlob: true, webauthn:extension:largeBlob: true, webauthn:virtualAuthenticators: true}
Element: [[ChromeDriver: chrome on WINDOWS (b91b9cc2b751a4292dcc5c13c338190c)] -> xpath: //input[@name='uploadedFile']]
Session ID: b91b9cc2b751a4292dcc5c13c338190c
at java.base/jdk.internal.reflect.NativeConstructorAccessorImpl.newInstance0(Native Method)
at java.base/jdk.internal.reflect.NativeConstructorAccessorImpl.newInstance(NativeConstructorAccessorImpl.java:77)
at java.base/jdk.internal.reflect.DelegatingConstructorAccessorImpl.newInstance(DelegatingConstructorAccessorImpl.java:45)
at java.base/java.lang.reflect.Constructor.newInstanceWithCaller(Constructor.java:499)
at java.base/java.lang.reflect.Constructor.newInstance(Constructor.java:480)
at org.openqa.selenium.remote.codec.w3c.W3CHttpResponseCodec.createException(W3CHttpResponseCodec.java:200)
at org.openqa.selenium.remote.codec.w3c.W3CHttpResponseCodec.decode(W3CHttpResponseCodec.java:133)
at org.openqa.selenium.remote.codec.w3c.W3CHttpResponseCodec.decode(W3CHttpResponseCodec.java:53)
at org.openqa.selenium.remote.HttpCommandExecutor.execute(HttpCommandExecutor.java:184)
at org.openqa.selenium.remote.service.DriverCommandExecutor.invokeExecute(DriverCommandExecutor.java:167)
at org.openqa.selenium.remote.service.DriverCommandExecutor.execute(DriverCommandExecutor.java:142)
at org.openqa.selenium.remote.RemoteWebDriver.execute(RemoteWebDriver.java:547)
at org.openqa.selenium.remote.RemoteWebElement.execute(RemoteWebElement.java:257)
at org.openqa.selenium.remote.RemoteWebElement.sendKeys(RemoteWebElement.java:113)
at jdk.internal.reflect.GeneratedMethodAccessor128.invoke(Unknown Source)
at java.base/jdk.internal.reflect.DelegatingMethodAccessorImpl.invoke(DelegatingMethodAccessorImpl.java:43)
at java.base/java.lang.reflect.Method.invoke(Method.java:568)
at org.openqa.selenium.support.pagefactory.internal.LocatingElementHandler.invoke(LocatingElementHandler.java:52)
at jdk.proxy2/jdk.proxy2.$Proxy32.sendKeys(Unknown Source)
at cucumber.framework.page.jcadmin.JCAdminTestimonial.uploadFile(JCAdminTestimonial.java:302)
at cucumber.framework.page.jcadmin.JCAdminTestimonial.tambahDataTestimonialNegativeNoActive(JCAdminTestimonial.java:328)
at cucumber.framework.runner.jcadmin.Anisa.JCTambahNegatifTestimonialImpl.admin_mengisi_form_tambah_negative_dengan_rating_angka_rating_publish_no_active(JCTambahNegatifTestimonialImpl.java:72)
at ?.TE008N Admin mengisi form tambah negative dengan rating 1 publish no active(file:///C:/Users/NEXSOFT/git/INTEGRATION-BOIM-NICO-NISA/INTEGRATION-BOIM-NICO-NISA/src/main/resources/jcadmin/anisa/002Testimonial002TambahNegatif.feature:21)
]]>
    </failure>
  </testcase> <!-- runScenario -->
  <testcase classname="io.cucumber.testng.AbstractTestNGCucumberTests" name="runScenario" time="8.847">
    <failure type="org.openqa.selenium.InvalidArgumentException" message="invalid argument: File not found : C:\Users\NEXSOFT\git\INTEGRATION-BOIM-NICO-NISA\INTEGRATION-BOIM-NICO-NISA\src\main\resources\gambarnisa\dev.png
  (Session info: chrome=105.0.5195.127)
Build info: version: &amp;apos;4.4.0&amp;apos;, revision: &amp;apos;e5c75ed026a&amp;apos;
System info: host: &amp;apos;DESKTOP-8OTT66F&amp;apos;, ip: &amp;apos;192.168.0.11&amp;apos;, os.name: &amp;apos;Windows 10&amp;apos;, os.arch: &amp;apos;amd64&amp;apos;, os.version: &amp;apos;10.0&amp;apos;, java.version: &amp;apos;17.0.4.1&amp;apos;
Driver info: org.openqa.selenium.chrome.ChromeDriver
Command: [b91b9cc2b751a4292dcc5c13c338190c, sendKeysToElement {id=3d36ad60-a6b5-4415-b90e-84ea30411ea5, value=[Ljava.lang.CharSequence;@18cdacd}]
Capabilities {acceptInsecureCerts: false, browserName: chrome, browserVersion: 105.0.5195.127, chrome: {chromedriverVersion: 105.0.5195.52 (412c95e51883..., userDataDir: C:\Users\NEXSOFT\AppData\Lo...}, goog:chromeOptions: {debuggerAddress: localhost:51677}, networkConnectionEnabled: false, pageLoadStrategy: normal, platformName: WINDOWS, proxy: Proxy(), se:cdp: ws://localhost:51677/devtoo..., se:cdpVersion: 105.0.5195.127, setWindowRect: true, strictFileInteractability: false, timeouts: {implicit: 0, pageLoad: 300000, script: 30000}, unhandledPromptBehavior: dismiss and notify, webauthn:extension:credBlob: true, webauthn:extension:largeBlob: true, webauthn:virtualAuthenticators: true}
Element: [[ChromeDriver: chrome on WINDOWS (b91b9cc2b751a4292dcc5c13c338190c)] -&amp;gt; xpath: //input[@name=&amp;apos;uploadedFile&amp;apos;]]
Session ID: b91b9cc2b751a4292dcc5c13c338190c">
      <![CDATA[org.openqa.selenium.InvalidArgumentException: invalid argument: File not found : C:\Users\NEXSOFT\git\INTEGRATION-BOIM-NICO-NISA\INTEGRATION-BOIM-NICO-NISA\src\main\resources\gambarnisa\dev.png
  (Session info: chrome=105.0.5195.127)
Build info: version: '4.4.0', revision: 'e5c75ed026a'
System info: host: 'DESKTOP-8OTT66F', ip: '192.168.0.11', os.name: 'Windows 10', os.arch: 'amd64', os.version: '10.0', java.version: '17.0.4.1'
Driver info: org.openqa.selenium.chrome.ChromeDriver
Command: [b91b9cc2b751a4292dcc5c13c338190c, sendKeysToElement {id=3d36ad60-a6b5-4415-b90e-84ea30411ea5, value=[Ljava.lang.CharSequence;@18cdacd}]
Capabilities {acceptInsecureCerts: false, browserName: chrome, browserVersion: 105.0.5195.127, chrome: {chromedriverVersion: 105.0.5195.52 (412c95e51883..., userDataDir: C:\Users\NEXSOFT\AppData\Lo...}, goog:chromeOptions: {debuggerAddress: localhost:51677}, networkConnectionEnabled: false, pageLoadStrategy: normal, platformName: WINDOWS, proxy: Proxy(), se:cdp: ws://localhost:51677/devtoo..., se:cdpVersion: 105.0.5195.127, setWindowRect: true, strictFileInteractability: false, timeouts: {implicit: 0, pageLoad: 300000, script: 30000}, unhandledPromptBehavior: dismiss and notify, webauthn:extension:credBlob: true, webauthn:extension:largeBlob: true, webauthn:virtualAuthenticators: true}
Element: [[ChromeDriver: chrome on WINDOWS (b91b9cc2b751a4292dcc5c13c338190c)] -> xpath: //input[@name='uploadedFile']]
Session ID: b91b9cc2b751a4292dcc5c13c338190c
at java.base/jdk.internal.reflect.NativeConstructorAccessorImpl.newInstance0(Native Method)
at java.base/jdk.internal.reflect.NativeConstructorAccessorImpl.newInstance(NativeConstructorAccessorImpl.java:77)
at java.base/jdk.internal.reflect.DelegatingConstructorAccessorImpl.newInstance(DelegatingConstructorAccessorImpl.java:45)
at java.base/java.lang.reflect.Constructor.newInstanceWithCaller(Constructor.java:499)
at java.base/java.lang.reflect.Constructor.newInstance(Constructor.java:480)
at org.openqa.selenium.remote.codec.w3c.W3CHttpResponseCodec.createException(W3CHttpResponseCodec.java:200)
at org.openqa.selenium.remote.codec.w3c.W3CHttpResponseCodec.decode(W3CHttpResponseCodec.java:133)
at org.openqa.selenium.remote.codec.w3c.W3CHttpResponseCodec.decode(W3CHttpResponseCodec.java:53)
at org.openqa.selenium.remote.HttpCommandExecutor.execute(HttpCommandExecutor.java:184)
at org.openqa.selenium.remote.service.DriverCommandExecutor.invokeExecute(DriverCommandExecutor.java:167)
at org.openqa.selenium.remote.service.DriverCommandExecutor.execute(DriverCommandExecutor.java:142)
at org.openqa.selenium.remote.RemoteWebDriver.execute(RemoteWebDriver.java:547)
at org.openqa.selenium.remote.RemoteWebElement.execute(RemoteWebElement.java:257)
at org.openqa.selenium.remote.RemoteWebElement.sendKeys(RemoteWebElement.java:113)
at jdk.internal.reflect.GeneratedMethodAccessor128.invoke(Unknown Source)
at java.base/jdk.internal.reflect.DelegatingMethodAccessorImpl.invoke(DelegatingMethodAccessorImpl.java:43)
at java.base/java.lang.reflect.Method.invoke(Method.java:568)
at org.openqa.selenium.support.pagefactory.internal.LocatingElementHandler.invoke(LocatingElementHandler.java:52)
at jdk.proxy2/jdk.proxy2.$Proxy32.sendKeys(Unknown Source)
at cucumber.framework.page.jcadmin.JCAdminTestimonial.uploadFile(JCAdminTestimonial.java:302)
at cucumber.framework.page.jcadmin.JCAdminTestimonial.tambahDataTestimonialNegativeNoActive(JCAdminTestimonial.java:328)
at cucumber.framework.runner.jcadmin.Anisa.JCTambahNegatifTestimonialImpl.admin_mengisi_form_tambah_negative_dengan_rating_angka_rating_publish_no_active(JCTambahNegatifTestimonialImpl.java:72)
at ?.TE009N Admin mengisi form tambah negative dengan rating 2 publish no active(file:///C:/Users/NEXSOFT/git/INTEGRATION-BOIM-NICO-NISA/INTEGRATION-BOIM-NICO-NISA/src/main/resources/jcadmin/anisa/002Testimonial002TambahNegatif.feature:21)
]]>
    </failure>
  </testcase> <!-- runScenario -->
  <testcase classname="io.cucumber.testng.AbstractTestNGCucumberTests" name="runScenario" time="8.913">
    <failure type="org.openqa.selenium.InvalidArgumentException" message="invalid argument: File not found : C:\Users\NEXSOFT\git\INTEGRATION-BOIM-NICO-NISA\INTEGRATION-BOIM-NICO-NISA\src\main\resources\gambarnisa\dev.png
  (Session info: chrome=105.0.5195.127)
Build info: version: &amp;apos;4.4.0&amp;apos;, revision: &amp;apos;e5c75ed026a&amp;apos;
System info: host: &amp;apos;DESKTOP-8OTT66F&amp;apos;, ip: &amp;apos;192.168.0.11&amp;apos;, os.name: &amp;apos;Windows 10&amp;apos;, os.arch: &amp;apos;amd64&amp;apos;, os.version: &amp;apos;10.0&amp;apos;, java.version: &amp;apos;17.0.4.1&amp;apos;
Driver info: org.openqa.selenium.chrome.ChromeDriver
Command: [b91b9cc2b751a4292dcc5c13c338190c, sendKeysToElement {id=4f433aea-c52a-474d-bb1a-8be70048bae6, value=[Ljava.lang.CharSequence;@48f08e9}]
Capabilities {acceptInsecureCerts: false, browserName: chrome, browserVersion: 105.0.5195.127, chrome: {chromedriverVersion: 105.0.5195.52 (412c95e51883..., userDataDir: C:\Users\NEXSOFT\AppData\Lo...}, goog:chromeOptions: {debuggerAddress: localhost:51677}, networkConnectionEnabled: false, pageLoadStrategy: normal, platformName: WINDOWS, proxy: Proxy(), se:cdp: ws://localhost:51677/devtoo..., se:cdpVersion: 105.0.5195.127, setWindowRect: true, strictFileInteractability: false, timeouts: {implicit: 0, pageLoad: 300000, script: 30000}, unhandledPromptBehavior: dismiss and notify, webauthn:extension:credBlob: true, webauthn:extension:largeBlob: true, webauthn:virtualAuthenticators: true}
Element: [[ChromeDriver: chrome on WINDOWS (b91b9cc2b751a4292dcc5c13c338190c)] -&amp;gt; xpath: //input[@name=&amp;apos;uploadedFile&amp;apos;]]
Session ID: b91b9cc2b751a4292dcc5c13c338190c">
      <![CDATA[org.openqa.selenium.InvalidArgumentException: invalid argument: File not found : C:\Users\NEXSOFT\git\INTEGRATION-BOIM-NICO-NISA\INTEGRATION-BOIM-NICO-NISA\src\main\resources\gambarnisa\dev.png
  (Session info: chrome=105.0.5195.127)
Build info: version: '4.4.0', revision: 'e5c75ed026a'
System info: host: 'DESKTOP-8OTT66F', ip: '192.168.0.11', os.name: 'Windows 10', os.arch: 'amd64', os.version: '10.0', java.version: '17.0.4.1'
Driver info: org.openqa.selenium.chrome.ChromeDriver
Command: [b91b9cc2b751a4292dcc5c13c338190c, sendKeysToElement {id=4f433aea-c52a-474d-bb1a-8be70048bae6, value=[Ljava.lang.CharSequence;@48f08e9}]
Capabilities {acceptInsecureCerts: false, browserName: chrome, browserVersion: 105.0.5195.127, chrome: {chromedriverVersion: 105.0.5195.52 (412c95e51883..., userDataDir: C:\Users\NEXSOFT\AppData\Lo...}, goog:chromeOptions: {debuggerAddress: localhost:51677}, networkConnectionEnabled: false, pageLoadStrategy: normal, platformName: WINDOWS, proxy: Proxy(), se:cdp: ws://localhost:51677/devtoo..., se:cdpVersion: 105.0.5195.127, setWindowRect: true, strictFileInteractability: false, timeouts: {implicit: 0, pageLoad: 300000, script: 30000}, unhandledPromptBehavior: dismiss and notify, webauthn:extension:credBlob: true, webauthn:extension:largeBlob: true, webauthn:virtualAuthenticators: true}
Element: [[ChromeDriver: chrome on WINDOWS (b91b9cc2b751a4292dcc5c13c338190c)] -> xpath: //input[@name='uploadedFile']]
Session ID: b91b9cc2b751a4292dcc5c13c338190c
at java.base/jdk.internal.reflect.NativeConstructorAccessorImpl.newInstance0(Native Method)
at java.base/jdk.internal.reflect.NativeConstructorAccessorImpl.newInstance(NativeConstructorAccessorImpl.java:77)
at java.base/jdk.internal.reflect.DelegatingConstructorAccessorImpl.newInstance(DelegatingConstructorAccessorImpl.java:45)
at java.base/java.lang.reflect.Constructor.newInstanceWithCaller(Constructor.java:499)
at java.base/java.lang.reflect.Constructor.newInstance(Constructor.java:480)
at org.openqa.selenium.remote.codec.w3c.W3CHttpResponseCodec.createException(W3CHttpResponseCodec.java:200)
at org.openqa.selenium.remote.codec.w3c.W3CHttpResponseCodec.decode(W3CHttpResponseCodec.java:133)
at org.openqa.selenium.remote.codec.w3c.W3CHttpResponseCodec.decode(W3CHttpResponseCodec.java:53)
at org.openqa.selenium.remote.HttpCommandExecutor.execute(HttpCommandExecutor.java:184)
at org.openqa.selenium.remote.service.DriverCommandExecutor.invokeExecute(DriverCommandExecutor.java:167)
at org.openqa.selenium.remote.service.DriverCommandExecutor.execute(DriverCommandExecutor.java:142)
at org.openqa.selenium.remote.RemoteWebDriver.execute(RemoteWebDriver.java:547)
at org.openqa.selenium.remote.RemoteWebElement.execute(RemoteWebElement.java:257)
at org.openqa.selenium.remote.RemoteWebElement.sendKeys(RemoteWebElement.java:113)
at jdk.internal.reflect.GeneratedMethodAccessor128.invoke(Unknown Source)
at java.base/jdk.internal.reflect.DelegatingMethodAccessorImpl.invoke(DelegatingMethodAccessorImpl.java:43)
at java.base/java.lang.reflect.Method.invoke(Method.java:568)
at org.openqa.selenium.support.pagefactory.internal.LocatingElementHandler.invoke(LocatingElementHandler.java:52)
at jdk.proxy2/jdk.proxy2.$Proxy32.sendKeys(Unknown Source)
at cucumber.framework.page.jcadmin.JCAdminTestimonial.uploadFile(JCAdminTestimonial.java:302)
at cucumber.framework.page.jcadmin.JCAdminTestimonial.tambahDataTestimonialNegativeNoActive(JCAdminTestimonial.java:328)
at cucumber.framework.runner.jcadmin.Anisa.JCTambahNegatifTestimonialImpl.admin_mengisi_form_tambah_negative_dengan_rating_angka_rating_publish_no_active(JCTambahNegatifTestimonialImpl.java:72)
at ?.TE010N Admin mengisi form tambah negative dengan rating 3 publish no active(file:///C:/Users/NEXSOFT/git/INTEGRATION-BOIM-NICO-NISA/INTEGRATION-BOIM-NICO-NISA/src/main/resources/jcadmin/anisa/002Testimonial002TambahNegatif.feature:21)
]]>
    </failure>
  </testcase> <!-- runScenario -->
  <testcase classname="io.cucumber.testng.AbstractTestNGCucumberTests" name="runScenario" time="13.054">
    <failure type="org.openqa.selenium.InvalidArgumentException" message="invalid argument: File not found : C:\Users\NEXSOFT\git\INTEGRATION-BOIM-NICO-NISA\INTEGRATION-BOIM-NICO-NISA\src\main\resources\gambarnisa\dev.png
  (Session info: chrome=105.0.5195.127)
Build info: version: &amp;apos;4.4.0&amp;apos;, revision: &amp;apos;e5c75ed026a&amp;apos;
System info: host: &amp;apos;DESKTOP-8OTT66F&amp;apos;, ip: &amp;apos;192.168.0.11&amp;apos;, os.name: &amp;apos;Windows 10&amp;apos;, os.arch: &amp;apos;amd64&amp;apos;, os.version: &amp;apos;10.0&amp;apos;, java.version: &amp;apos;17.0.4.1&amp;apos;
Driver info: org.openqa.selenium.chrome.ChromeDriver
Command: [b91b9cc2b751a4292dcc5c13c338190c, sendKeysToElement {id=1dbf8809-6cbd-4eb0-b45b-f5ac25df271f, value=[Ljava.lang.CharSequence;@76c6b12c}]
Capabilities {acceptInsecureCerts: false, browserName: chrome, browserVersion: 105.0.5195.127, chrome: {chromedriverVersion: 105.0.5195.52 (412c95e51883..., userDataDir: C:\Users\NEXSOFT\AppData\Lo...}, goog:chromeOptions: {debuggerAddress: localhost:51677}, networkConnectionEnabled: false, pageLoadStrategy: normal, platformName: WINDOWS, proxy: Proxy(), se:cdp: ws://localhost:51677/devtoo..., se:cdpVersion: 105.0.5195.127, setWindowRect: true, strictFileInteractability: false, timeouts: {implicit: 0, pageLoad: 300000, script: 30000}, unhandledPromptBehavior: dismiss and notify, webauthn:extension:credBlob: true, webauthn:extension:largeBlob: true, webauthn:virtualAuthenticators: true}
Element: [[ChromeDriver: chrome on WINDOWS (b91b9cc2b751a4292dcc5c13c338190c)] -&amp;gt; xpath: //input[@name=&amp;apos;uploadedFile&amp;apos;]]
Session ID: b91b9cc2b751a4292dcc5c13c338190c">
      <![CDATA[org.openqa.selenium.InvalidArgumentException: invalid argument: File not found : C:\Users\NEXSOFT\git\INTEGRATION-BOIM-NICO-NISA\INTEGRATION-BOIM-NICO-NISA\src\main\resources\gambarnisa\dev.png
  (Session info: chrome=105.0.5195.127)
Build info: version: '4.4.0', revision: 'e5c75ed026a'
System info: host: 'DESKTOP-8OTT66F', ip: '192.168.0.11', os.name: 'Windows 10', os.arch: 'amd64', os.version: '10.0', java.version: '17.0.4.1'
Driver info: org.openqa.selenium.chrome.ChromeDriver
Command: [b91b9cc2b751a4292dcc5c13c338190c, sendKeysToElement {id=1dbf8809-6cbd-4eb0-b45b-f5ac25df271f, value=[Ljava.lang.CharSequence;@76c6b12c}]
Capabilities {acceptInsecureCerts: false, browserName: chrome, browserVersion: 105.0.5195.127, chrome: {chromedriverVersion: 105.0.5195.52 (412c95e51883..., userDataDir: C:\Users\NEXSOFT\AppData\Lo...}, goog:chromeOptions: {debuggerAddress: localhost:51677}, networkConnectionEnabled: false, pageLoadStrategy: normal, platformName: WINDOWS, proxy: Proxy(), se:cdp: ws://localhost:51677/devtoo..., se:cdpVersion: 105.0.5195.127, setWindowRect: true, strictFileInteractability: false, timeouts: {implicit: 0, pageLoad: 300000, script: 30000}, unhandledPromptBehavior: dismiss and notify, webauthn:extension:credBlob: true, webauthn:extension:largeBlob: true, webauthn:virtualAuthenticators: true}
Element: [[ChromeDriver: chrome on WINDOWS (b91b9cc2b751a4292dcc5c13c338190c)] -> xpath: //input[@name='uploadedFile']]
Session ID: b91b9cc2b751a4292dcc5c13c338190c
at java.base/jdk.internal.reflect.NativeConstructorAccessorImpl.newInstance0(Native Method)
at java.base/jdk.internal.reflect.NativeConstructorAccessorImpl.newInstance(NativeConstructorAccessorImpl.java:77)
at java.base/jdk.internal.reflect.DelegatingConstructorAccessorImpl.newInstance(DelegatingConstructorAccessorImpl.java:45)
at java.base/java.lang.reflect.Constructor.newInstanceWithCaller(Constructor.java:499)
at java.base/java.lang.reflect.Constructor.newInstance(Constructor.java:480)
at org.openqa.selenium.remote.codec.w3c.W3CHttpResponseCodec.createException(W3CHttpResponseCodec.java:200)
at org.openqa.selenium.remote.codec.w3c.W3CHttpResponseCodec.decode(W3CHttpResponseCodec.java:133)
at org.openqa.selenium.remote.codec.w3c.W3CHttpResponseCodec.decode(W3CHttpResponseCodec.java:53)
at org.openqa.selenium.remote.HttpCommandExecutor.execute(HttpCommandExecutor.java:184)
at org.openqa.selenium.remote.service.DriverCommandExecutor.invokeExecute(DriverCommandExecutor.java:167)
at org.openqa.selenium.remote.service.DriverCommandExecutor.execute(DriverCommandExecutor.java:142)
at org.openqa.selenium.remote.RemoteWebDriver.execute(RemoteWebDriver.java:547)
at org.openqa.selenium.remote.RemoteWebElement.execute(RemoteWebElement.java:257)
at org.openqa.selenium.remote.RemoteWebElement.sendKeys(RemoteWebElement.java:113)
at jdk.internal.reflect.GeneratedMethodAccessor128.invoke(Unknown Source)
at java.base/jdk.internal.reflect.DelegatingMethodAccessorImpl.invoke(DelegatingMethodAccessorImpl.java:43)
at java.base/java.lang.reflect.Method.invoke(Method.java:568)
at org.openqa.selenium.support.pagefactory.internal.LocatingElementHandler.invoke(LocatingElementHandler.java:52)
at jdk.proxy2/jdk.proxy2.$Proxy32.sendKeys(Unknown Source)
at cucumber.framework.page.jcadmin.JCAdminTestimonial.uploadFile(JCAdminTestimonial.java:302)
at cucumber.framework.page.jcadmin.JCAdminTestimonial.tambahDataTestimonialNegativeNoActive(JCAdminTestimonial.java:328)
at cucumber.framework.runner.jcadmin.Anisa.JCTambahNegatifTestimonialImpl.admin_mengisi_form_tambah_negative_dengan_rating_angka_rating_publish_no_active(JCTambahNegatifTestimonialImpl.java:72)
at ?.TE011N Admin mengisi form tambah negative dengan rating 4 publish no active(file:///C:/Users/NEXSOFT/git/INTEGRATION-BOIM-NICO-NISA/INTEGRATION-BOIM-NICO-NISA/src/main/resources/jcadmin/anisa/002Testimonial002TambahNegatif.feature:21)
]]>
    </failure>
  </testcase> <!-- runScenario -->
  <testcase classname="io.cucumber.testng.AbstractTestNGCucumberTests" name="runScenario" time="8.866">
    <failure type="org.openqa.selenium.InvalidArgumentException" message="invalid argument: File not found : C:\Users\NEXSOFT\git\INTEGRATION-BOIM-NICO-NISA\INTEGRATION-BOIM-NICO-NISA\src\main\resources\gambarnisa\dev.png
  (Session info: chrome=105.0.5195.127)
Build info: version: &amp;apos;4.4.0&amp;apos;, revision: &amp;apos;e5c75ed026a&amp;apos;
System info: host: &amp;apos;DESKTOP-8OTT66F&amp;apos;, ip: &amp;apos;192.168.0.11&amp;apos;, os.name: &amp;apos;Windows 10&amp;apos;, os.arch: &amp;apos;amd64&amp;apos;, os.version: &amp;apos;10.0&amp;apos;, java.version: &amp;apos;17.0.4.1&amp;apos;
Driver info: org.openqa.selenium.chrome.ChromeDriver
Command: [b91b9cc2b751a4292dcc5c13c338190c, sendKeysToElement {id=81c8be03-c2dd-479d-8b1f-ef8595e16a8e, value=[Ljava.lang.CharSequence;@77199818}]
Capabilities {acceptInsecureCerts: false, browserName: chrome, browserVersion: 105.0.5195.127, chrome: {chromedriverVersion: 105.0.5195.52 (412c95e51883..., userDataDir: C:\Users\NEXSOFT\AppData\Lo...}, goog:chromeOptions: {debuggerAddress: localhost:51677}, networkConnectionEnabled: false, pageLoadStrategy: normal, platformName: WINDOWS, proxy: Proxy(), se:cdp: ws://localhost:51677/devtoo..., se:cdpVersion: 105.0.5195.127, setWindowRect: true, strictFileInteractability: false, timeouts: {implicit: 0, pageLoad: 300000, script: 30000}, unhandledPromptBehavior: dismiss and notify, webauthn:extension:credBlob: true, webauthn:extension:largeBlob: true, webauthn:virtualAuthenticators: true}
Element: [[ChromeDriver: chrome on WINDOWS (b91b9cc2b751a4292dcc5c13c338190c)] -&amp;gt; xpath: //input[@name=&amp;apos;uploadedFile&amp;apos;]]
Session ID: b91b9cc2b751a4292dcc5c13c338190c">
      <![CDATA[org.openqa.selenium.InvalidArgumentException: invalid argument: File not found : C:\Users\NEXSOFT\git\INTEGRATION-BOIM-NICO-NISA\INTEGRATION-BOIM-NICO-NISA\src\main\resources\gambarnisa\dev.png
  (Session info: chrome=105.0.5195.127)
Build info: version: '4.4.0', revision: 'e5c75ed026a'
System info: host: 'DESKTOP-8OTT66F', ip: '192.168.0.11', os.name: 'Windows 10', os.arch: 'amd64', os.version: '10.0', java.version: '17.0.4.1'
Driver info: org.openqa.selenium.chrome.ChromeDriver
Command: [b91b9cc2b751a4292dcc5c13c338190c, sendKeysToElement {id=81c8be03-c2dd-479d-8b1f-ef8595e16a8e, value=[Ljava.lang.CharSequence;@77199818}]
Capabilities {acceptInsecureCerts: false, browserName: chrome, browserVersion: 105.0.5195.127, chrome: {chromedriverVersion: 105.0.5195.52 (412c95e51883..., userDataDir: C:\Users\NEXSOFT\AppData\Lo...}, goog:chromeOptions: {debuggerAddress: localhost:51677}, networkConnectionEnabled: false, pageLoadStrategy: normal, platformName: WINDOWS, proxy: Proxy(), se:cdp: ws://localhost:51677/devtoo..., se:cdpVersion: 105.0.5195.127, setWindowRect: true, strictFileInteractability: false, timeouts: {implicit: 0, pageLoad: 300000, script: 30000}, unhandledPromptBehavior: dismiss and notify, webauthn:extension:credBlob: true, webauthn:extension:largeBlob: true, webauthn:virtualAuthenticators: true}
Element: [[ChromeDriver: chrome on WINDOWS (b91b9cc2b751a4292dcc5c13c338190c)] -> xpath: //input[@name='uploadedFile']]
Session ID: b91b9cc2b751a4292dcc5c13c338190c
at java.base/jdk.internal.reflect.NativeConstructorAccessorImpl.newInstance0(Native Method)
at java.base/jdk.internal.reflect.NativeConstructorAccessorImpl.newInstance(NativeConstructorAccessorImpl.java:77)
at java.base/jdk.internal.reflect.DelegatingConstructorAccessorImpl.newInstance(DelegatingConstructorAccessorImpl.java:45)
at java.base/java.lang.reflect.Constructor.newInstanceWithCaller(Constructor.java:499)
at java.base/java.lang.reflect.Constructor.newInstance(Constructor.java:480)
at org.openqa.selenium.remote.codec.w3c.W3CHttpResponseCodec.createException(W3CHttpResponseCodec.java:200)
at org.openqa.selenium.remote.codec.w3c.W3CHttpResponseCodec.decode(W3CHttpResponseCodec.java:133)
at org.openqa.selenium.remote.codec.w3c.W3CHttpResponseCodec.decode(W3CHttpResponseCodec.java:53)
at org.openqa.selenium.remote.HttpCommandExecutor.execute(HttpCommandExecutor.java:184)
at org.openqa.selenium.remote.service.DriverCommandExecutor.invokeExecute(DriverCommandExecutor.java:167)
at org.openqa.selenium.remote.service.DriverCommandExecutor.execute(DriverCommandExecutor.java:142)
at org.openqa.selenium.remote.RemoteWebDriver.execute(RemoteWebDriver.java:547)
at org.openqa.selenium.remote.RemoteWebElement.execute(RemoteWebElement.java:257)
at org.openqa.selenium.remote.RemoteWebElement.sendKeys(RemoteWebElement.java:113)
at jdk.internal.reflect.GeneratedMethodAccessor128.invoke(Unknown Source)
at java.base/jdk.internal.reflect.DelegatingMethodAccessorImpl.invoke(DelegatingMethodAccessorImpl.java:43)
at java.base/java.lang.reflect.Method.invoke(Method.java:568)
at org.openqa.selenium.support.pagefactory.internal.LocatingElementHandler.invoke(LocatingElementHandler.java:52)
at jdk.proxy2/jdk.proxy2.$Proxy32.sendKeys(Unknown Source)
at cucumber.framework.page.jcadmin.JCAdminTestimonial.uploadFile(JCAdminTestimonial.java:302)
at cucumber.framework.page.jcadmin.JCAdminTestimonial.tambahDataTestimonialNegativeNoActive(JCAdminTestimonial.java:328)
at cucumber.framework.runner.jcadmin.Anisa.JCTambahNegatifTestimonialImpl.admin_mengisi_form_tambah_negative_dengan_rating_angka_rating_publish_no_active(JCTambahNegatifTestimonialImpl.java:72)
at ?.TE012N Admin mengisi form tambah negative dengan rating 5 publish no active(file:///C:/Users/NEXSOFT/git/INTEGRATION-BOIM-NICO-NISA/INTEGRATION-BOIM-NICO-NISA/src/main/resources/jcadmin/anisa/002Testimonial002TambahNegatif.feature:21)
]]>
    </failure>
  </testcase> <!-- runScenario -->
  <testcase classname="io.cucumber.testng.AbstractTestNGCucumberTests" name="runScenario" time="9.505">
    <failure type="org.openqa.selenium.InvalidArgumentException" message="invalid argument: File not found : C:\Users\NEXSOFT\git\INTEGRATION-BOIM-NICO-NISA\INTEGRATION-BOIM-NICO-NISA\src\main\resources\gambarnisa\jerome.jpeg
  (Session info: chrome=105.0.5195.127)
Build info: version: &amp;apos;4.4.0&amp;apos;, revision: &amp;apos;e5c75ed026a&amp;apos;
System info: host: &amp;apos;DESKTOP-8OTT66F&amp;apos;, ip: &amp;apos;192.168.0.11&amp;apos;, os.name: &amp;apos;Windows 10&amp;apos;, os.arch: &amp;apos;amd64&amp;apos;, os.version: &amp;apos;10.0&amp;apos;, java.version: &amp;apos;17.0.4.1&amp;apos;
Driver info: org.openqa.selenium.chrome.ChromeDriver
Command: [b91b9cc2b751a4292dcc5c13c338190c, sendKeysToElement {id=1493568d-a362-434f-99d5-429c527202d4, value=[Ljava.lang.CharSequence;@6818c0a6}]
Capabilities {acceptInsecureCerts: false, browserName: chrome, browserVersion: 105.0.5195.127, chrome: {chromedriverVersion: 105.0.5195.52 (412c95e51883..., userDataDir: C:\Users\NEXSOFT\AppData\Lo...}, goog:chromeOptions: {debuggerAddress: localhost:51677}, networkConnectionEnabled: false, pageLoadStrategy: normal, platformName: WINDOWS, proxy: Proxy(), se:cdp: ws://localhost:51677/devtoo..., se:cdpVersion: 105.0.5195.127, setWindowRect: true, strictFileInteractability: false, timeouts: {implicit: 0, pageLoad: 300000, script: 30000}, unhandledPromptBehavior: dismiss and notify, webauthn:extension:credBlob: true, webauthn:extension:largeBlob: true, webauthn:virtualAuthenticators: true}
Element: [[ChromeDriver: chrome on WINDOWS (b91b9cc2b751a4292dcc5c13c338190c)] -&amp;gt; xpath: //input[@name=&amp;apos;uploadedFile&amp;apos;]]
Session ID: b91b9cc2b751a4292dcc5c13c338190c">
      <![CDATA[org.openqa.selenium.InvalidArgumentException: invalid argument: File not found : C:\Users\NEXSOFT\git\INTEGRATION-BOIM-NICO-NISA\INTEGRATION-BOIM-NICO-NISA\src\main\resources\gambarnisa\jerome.jpeg
  (Session info: chrome=105.0.5195.127)
Build info: version: '4.4.0', revision: 'e5c75ed026a'
System info: host: 'DESKTOP-8OTT66F', ip: '192.168.0.11', os.name: 'Windows 10', os.arch: 'amd64', os.version: '10.0', java.version: '17.0.4.1'
Driver info: org.openqa.selenium.chrome.ChromeDriver
Command: [b91b9cc2b751a4292dcc5c13c338190c, sendKeysToElement {id=1493568d-a362-434f-99d5-429c527202d4, value=[Ljava.lang.CharSequence;@6818c0a6}]
Capabilities {acceptInsecureCerts: false, browserName: chrome, browserVersion: 105.0.5195.127, chrome: {chromedriverVersion: 105.0.5195.52 (412c95e51883..., userDataDir: C:\Users\NEXSOFT\AppData\Lo...}, goog:chromeOptions: {debuggerAddress: localhost:51677}, networkConnectionEnabled: false, pageLoadStrategy: normal, platformName: WINDOWS, proxy: Proxy(), se:cdp: ws://localhost:51677/devtoo..., se:cdpVersion: 105.0.5195.127, setWindowRect: true, strictFileInteractability: false, timeouts: {implicit: 0, pageLoad: 300000, script: 30000}, unhandledPromptBehavior: dismiss and notify, webauthn:extension:credBlob: true, webauthn:extension:largeBlob: true, webauthn:virtualAuthenticators: true}
Element: [[ChromeDriver: chrome on WINDOWS (b91b9cc2b751a4292dcc5c13c338190c)] -> xpath: //input[@name='uploadedFile']]
Session ID: b91b9cc2b751a4292dcc5c13c338190c
at java.base/jdk.internal.reflect.NativeConstructorAccessorImpl.newInstance0(Native Method)
at java.base/jdk.internal.reflect.NativeConstructorAccessorImpl.newInstance(NativeConstructorAccessorImpl.java:77)
at java.base/jdk.internal.reflect.DelegatingConstructorAccessorImpl.newInstance(DelegatingConstructorAccessorImpl.java:45)
at java.base/java.lang.reflect.Constructor.newInstanceWithCaller(Constructor.java:499)
at java.base/java.lang.reflect.Constructor.newInstance(Constructor.java:480)
at org.openqa.selenium.remote.codec.w3c.W3CHttpResponseCodec.createException(W3CHttpResponseCodec.java:200)
at org.openqa.selenium.remote.codec.w3c.W3CHttpResponseCodec.decode(W3CHttpResponseCodec.java:133)
at org.openqa.selenium.remote.codec.w3c.W3CHttpResponseCodec.decode(W3CHttpResponseCodec.java:53)
at org.openqa.selenium.remote.HttpCommandExecutor.execute(HttpCommandExecutor.java:184)
at org.openqa.selenium.remote.service.DriverCommandExecutor.invokeExecute(DriverCommandExecutor.java:167)
at org.openqa.selenium.remote.service.DriverCommandExecutor.execute(DriverCommandExecutor.java:142)
at org.openqa.selenium.remote.RemoteWebDriver.execute(RemoteWebDriver.java:547)
at org.openqa.selenium.remote.RemoteWebElement.execute(RemoteWebElement.java:257)
at org.openqa.selenium.remote.RemoteWebElement.sendKeys(RemoteWebElement.java:113)
at jdk.internal.reflect.GeneratedMethodAccessor128.invoke(Unknown Source)
at java.base/jdk.internal.reflect.DelegatingMethodAccessorImpl.invoke(DelegatingMethodAccessorImpl.java:43)
at java.base/java.lang.reflect.Method.invoke(Method.java:568)
[...]
Element: [[ChromeDriver: chrome on WINDOWS (b91b9cc2b751a4292dcc5c13c338190c)] -&amp;gt; xpath: //input[@id=&amp;apos;judul&amp;apos;]]
Session ID: b91b9cc2b751a4292dcc5c13c338190c">
      <![CDATA[org.openqa.selenium.ElementNotInteractableException: element not interactable
  (Session info: chrome=105.0.5195.127)
Build info: version: '4.4.0', revision: 'e5c75ed026a'
System info: host: 'DESKTOP-8OTT66F', ip: '192.168.0.11', os.name: 'Windows 10', os.arch: 'amd64', os.version: '10.0', java.version: '17.0.4.1'
Driver info: org.openqa.selenium.chrome.ChromeDriver
Command: [b91b9cc2b751a4292dcc5c13c338190c, sendKeysToElement {id=c41bf8c6-d7fc-4301-a9ce-441b0d241101, value=[Ljava.lang.CharSequence;@520739bc}]
Capabilities {acceptInsecureCerts: false, browserName: chrome, browserVersion: 105.0.5195.127, chrome: {chromedriverVersion: 105.0.5195.52 (412c95e51883..., userDataDir: C:\Users\NEXSOFT\AppData\Lo...}, goog:chromeOptions: {debuggerAddress: localhost:51677}, networkConnectionEnabled: false, pageLoadStrategy: normal, platformName: WINDOWS, proxy: Proxy(), se:cdp: ws://localhost:51677/devtoo..., se:cdpVersion: 105.0.5195.127, setWindowRect: true, strictFileInteractability: false, timeouts: {implicit: 0, pageLoad: 300000, script: 30000}, unhandledPromptBehavior: dismiss and notify, webauthn:extension:credBlob: true, webauthn:extension:largeBlob: true, webauthn:virtualAuthenticators: true}
Element: [[ChromeDriver: chrome on WINDOWS (b91b9cc2b751a4292dcc5c13c338190c)] -> xpath: //input[@id='judul']]
Session ID: b91b9cc2b751a4292dcc5c13c338190c
at java.base/jdk.internal.reflect.NativeConstructorAccessorImpl.newInstance0(Native Method)
at java.base/jdk.internal.reflect.NativeConstructorAccessorImpl.newInstance(NativeConstructorAccessorImpl.java:77)
at java.base/jdk.internal.reflect.DelegatingConstructorAccessorImpl.newInstance(DelegatingConstructorAccessorImpl.java:45)
at java.base/java.lang.reflect.Constructor.newInstanceWithCaller(Constructor.java:499)
at java.base/java.lang.reflect.Constructor.newInstance(Constructor.java:480)
at org.openqa.selenium.remote.codec.w3c.W3CHttpResponseCodec.createException(W3CHttpResponseCodec.java:200)
at org.openqa.selenium.remote.codec.w3c.W3CHttpResponseCodec.decode(W3CHttpResponseCodec.java:133)
at org.openqa.selenium.remote.codec.w3c.W3CHttpResponseCodec.decode(W3CHttpResponseCodec.java:53)
at org.openqa.selenium.remote.HttpCommandExecutor.execute(HttpCommandExecutor.java:184)
at org.openqa.selenium.remote.service.DriverCommandExecutor.invokeExecute(DriverCommandExecutor.java:167)
at org.openqa.selenium.remote.service.DriverCommandExecutor.execute(DriverCommandExecutor.java:142)
at org.openqa.selenium.remote.RemoteWebDriver.execute(RemoteWebDriver.java:547)
at org.openqa.selenium.remote.RemoteWebElement.execute(RemoteWebElement.java:257)
at org.openqa.selenium.remote.RemoteWebElement.sendKeys(RemoteWebElement.java:113)
at jdk.internal.reflect.GeneratedMethodAccessor128.invoke(Unknown Source)
at java.base/jdk.internal.reflect.DelegatingMethodAccessorImpl.invoke(DelegatingMethodAccessorImpl.java:43)
at java.base/java.lang.reflect.Method.invoke(Method.java:568)
at org.openqa.selenium.support.pagefactory.internal.LocatingElementHandler.invoke(LocatingElementHandler.java:52)
at jdk.proxy2/jdk.proxy2.$Proxy32.sendKeys(Unknown Source)
at cucumber.framework.page.jcadmin.JCAdminBlogPage.editJudulBlog(JCAdminBlogPage.java:198)
at cucumber.framework.runner.jcadmin.Cnico.JCAdminBlogFindAndEditNegativeImpl.bl002n_admin_mengubah_judul_blog_edit_judul(JCAdminBlogFindAndEditNegativeImpl.java:79)
at ?.BL002N Admin mengubah judul blog edit judul(file:///C:/Users/NEXSOFT/git/INTEGRATION-BOIM-NICO-NISA/INTEGRATION-BOIM-NICO-NISA/src/main/resources/jcadmin/nico/006Blog005FindAndEditBlogNegative.feature:17)
]]>
    </failure>
  </testcase> <!-- runScenario -->
  <testcase classname="io.cucumber.testng.AbstractTestNGCucumberTests" name="runScenario" time="15.852">
    <failure type="java.lang.AssertionError" message="expected [No Active] but found [Active]">
      <![CDATA[java.lang.AssertionError: expected [No Active] but found [Active]
at org.testng.Assert.fail(Assert.java:110)
at org.testng.Assert.failNotEquals(Assert.java:1413)
at org.testng.Assert.assertEqualsImpl(Assert.java:149)
at org.testng.Assert.assertEquals(Assert.java:131)
at org.testng.Assert.assertEquals(Assert.java:655)
at org.testng.Assert.assertEquals(Assert.java:665)
at cucumber.framework.runner.jcadmin.Cnico.JCAdminBlogFindAndEditNegativeImpl.kode_admin_menekan_tombol_simpan_edit_status_status_menjadi_ubah(JCAdminBlogFindAndEditNegativeImpl.java:118)
at ?.BL003N Admin menekan tombol simpan edit status publish Active menjadi No Active(file:///C:/Users/NEXSOFT/git/INTEGRATION-BOIM-NICO-NISA/INTEGRATION-BOIM-NICO-NISA/src/main/resources/jcadmin/nico/006Blog005FindAndEditBlogNegative.feature:23)
]]>
    </failure>
  </testcase> <!-- runScenario -->
  <testcase classname="io.cucumber.testng.AbstractTestNGCucumberTests" name="runScenario" time="16.102">
    <failure type="java.lang.AssertionError" message="expected [pilih] but found [Active]">
      <![CDATA[java.lang.AssertionError: expected [pilih] but found [Active]
at org.testng.Assert.fail(Assert.java:110)
at org.testng.Assert.failNotEquals(Assert.java:1413)
at org.testng.Assert.assertEqualsImpl(Assert.java:149)
at org.testng.Assert.assertEquals(Assert.java:131)
at org.testng.Assert.assertEquals(Assert.java:655)
at org.testng.Assert.assertEquals(Assert.java:665)
at cucumber.framework.runner.jcadmin.Cnico.JCAdminBlogFindAndEditNegativeImpl.kode_admin_menekan_tombol_simpan_edit_status_status_menjadi_ubah(JCAdminBlogFindAndEditNegativeImpl.java:118)
at ?.BL004N Admin menekan tombol simpan edit status publish Active menjadi pilih(file:///C:/Users/NEXSOFT/git/INTEGRATION-BOIM-NICO-NISA/INTEGRATION-BOIM-NICO-NISA/src/main/resources/jcadmin/nico/006Blog005FindAndEditBlogNegative.feature:23)
]]>
    </failure>
  </testcase> <!-- runScenario -->
  <testcase classname="io.cucumber.testng.AbstractTestNGCucumberTests" name="runScenario" time="16.779">
    <failure type="java.lang.AssertionError" message="expected [Active] but found [No Active]">
      <![CDATA[java.lang.AssertionError: expected [Active] but found [No Active]
at org.testng.Assert.fail(Assert.java:110)
at org.testng.Assert.failNotEquals(Assert.java:1413)
at org.testng.Assert.assertEqualsImpl(Assert.java:149)
at org.testng.Assert.assertEquals(Assert.java:131)
at org.testng.Assert.assertEquals(Assert.java:655)
at org.testng.Assert.assertEquals(Assert.java:665)
at cucumber.framework.runner.jcadmin.Cnico.JCAdminBlogFindAndEditNegativeImpl.kode_admin_menekan_tombol_simpan_edit_status_status_menjadi_ubah(JCAdminBlogFindAndEditNegativeImpl.java:118)
at ?.BL005N Admin menekan tombol simpan edit status publish No Active menjadi Active(file:///C:/Users/NEXSOFT/git/INTEGRATION-BOIM-NICO-NISA/INTEGRATION-BOIM-NICO-NISA/src/main/resources/jcadmin/nico/006Blog005FindAndEditBlogNegative.feature:23)
]]>
    </failure>
  </testcase> <!-- runScenario -->
  <testcase classname="io.cucumber.testng.AbstractTestNGCucumberTests" name="runScenario" time="16.49">
    <failure type="java.lang.AssertionError" message="expected [pilih] but found [No Active]">
      <![CDATA[java.lang.AssertionError: expected [pilih] but found [No Active]
at org.testng.Assert.fail(Assert.java:110)
at org.testng.Assert.failNotEquals(Assert.java:1413)
at org.testng.Assert.assertEqualsImpl(Assert.java:149)
at org.testng.Assert.assertEquals(Assert.java:131)
at org.testng.Assert.assertEquals(Assert.java:655)
at org.testng.Assert.assertEquals(Assert.java:665)
at cucumber.framework.runner.jcadmin.Cnico.JCAdminBlogFindAndEditNegativeImpl.kode_admin_menekan_tombol_simpan_edit_status_status_menjadi_ubah(JCAdminBlogFindAndEditNegativeImpl.java:118)
at ?.BL006N Admin menekan tombol simpan edit status publish No Active menjadi pilih(file:///C:/Users/NEXSOFT/git/INTEGRATION-BOIM-NICO-NISA/INTEGRATION-BOIM-NICO-NISA/src/main/resources/jcadmin/nico/006Blog005FindAndEditBlogNegative.feature:23)
]]>
    </failure>
  </testcase> <!-- runScenario -->
  <testcase classname="io.cucumber.testng.AbstractTestNGCucumberTests" name="runScenario" time="16.014">
    <failure type="java.lang.AssertionError" message="expected [Yes] but found [No]">
      <![CDATA[java.lang.AssertionError: expected [Yes] but found [No]
at org.testng.Assert.fail(Assert.java:110)
at org.testng.Assert.failNotEquals(Assert.java:1413)
at org.testng.Assert.assertEqualsImpl(Assert.java:149)
at org.testng.Assert.assertEquals(Assert.java:131)
at org.testng.Assert.assertEquals(Assert.java:655)
at org.testng.Assert.assertEquals(Assert.java:665)
at cucumber.framework.runner.jcadmin.Cnico.JCAdminBlogFindAndEditNegativeImpl.kode_admin_menekan_tombol_simpan_edit_status_status_menjadi_ubah(JCAdminBlogFindAndEditNegativeImpl.java:120)
at ?.BL007N Admin menekan tombol simpan edit status set to home No menjadi Yes(file:///C:/Users/NEXSOFT/git/INTEGRATION-BOIM-NICO-NISA/INTEGRATION-BOIM-NICO-NISA/src/main/resources/jcadmin/nico/006Blog005FindAndEditBlogNegative.feature:23)
]]>
    </failure>
  </testcase> <!-- runScenario -->
  <testcase classname="io.cucumber.testng.AbstractTestNGCucumberTests" name="runScenario" time="19.507">
    <failure type="java.lang.AssertionError" message="expected [No] but found [Yes]">
      <![CDATA[java.lang.AssertionError: expected [No] but found [Yes]
at org.testng.Assert.fail(Assert.java:110)
at org.testng.Assert.failNotEquals(Assert.java:1413)
at org.testng.Assert.assertEqualsImpl(Assert.java:149)
at org.testng.Assert.assertEquals(Assert.java:131)
at org.testng.Assert.assertEquals(Assert.java:655)
at org.testng.Assert.assertEquals(Assert.java:665)
at cucumber.framework.runner.jcadmin.Cnico.JCAdminBlogFindAndEditNegativeImpl.kode_admin_menekan_tombol_simpan_edit_status_status_menjadi_ubah(JCAdminBlogFindAndEditNegativeImpl.java:120)
at ?.BL008N Admin menekan tombol simpan edit status set to home Yes menjadi No(file:///C:/Users/NEXSOFT/git/INTEGRATION-BOIM-NICO-NISA/INTEGRATION-BOIM-NICO-NISA/src/main/resources/jcadmin/nico/006Blog005FindAndEditBlogNegative.feature:23)
]]>
    </failure>
  </testcase> <!-- runScenario -->
  <testcase classname="io.cucumber.testng.AbstractTestNGCucumberTests" name="runScenario" time="31.369">
    <failure type="java.lang.AssertionError" message="expected [Cek Content Preview] but found [lsdkof sfp opkdfkpskfs kf seofkokeof okfokef osefokesf efokefpokfok &amp;lt;&amp;gt;]">
      <![CDATA[java.lang.AssertionError: expected [Cek Content Preview] but found [lsdkof sfp opkdfkpskfs kf seofkokeof okfokef osefokesf efokefpokfok <>]
at org.testng.Assert.fail(Assert.java:110)
at org.testng.Assert.failNotEquals(Assert.java:1413)
at org.testng.Assert.assertEqualsImpl(Assert.java:149)
at org.testng.Assert.assertEquals(Assert.java:131)
at org.testng.Assert.assertEquals(Assert.java:655)
at org.testng.Assert.assertEquals(Assert.java:665)
at cucumber.framework.runner.jcadmin.Cnico.JCAdminBlogFindAndEditNegativeImpl.kode_admin_menekan_kotak_blog_untuk_validasi_case_bernilai_ubah(JCAdminBlogFindAndEditNegativeImpl.java:170)
at ?.BL009N Admin menekan kotak blog untuk validasi Content Preview bernilai Cek Content Preview(file:///C:/Users/NEXSOFT/git/INTEGRATION-BOIM-NICO-NISA/INTEGRATION-BOIM-NICO-NISA/src/main/resources/jcadmin/nico/006Blog005FindAndEditBlogNegative.feature:40)
]]>
    </failure>
  </testcase> <!-- runScenario -->
  <testcase classname="io.cucumber.testng.AbstractTestNGCucumberTests" name="runScenario" time="35.346">
    <failure type="java.lang.AssertionError" message="expected [Cek Isi Content] but found [lsdkof sfp opkdfkpskfs kf seofkokeof okfokef osefokesf efokefpokfok &amp;lt;&amp;gt;]">
      <![CDATA[java.lang.AssertionError: expected [Cek Isi Content] but found [lsdkof sfp opkdfkpskfs kf seofkokeof okfokef osefokesf efokefpokfok <>]
at org.testng.Assert.fail(Assert.java:110)
at org.testng.Assert.failNotEquals(Assert.java:1413)
at org.testng.Assert.assertEqualsImpl(Assert.java:149)
at org.testng.Assert.assertEquals(Assert.java:131)
at org.testng.Assert.assertEquals(Assert.java:655)
at org.testng.Assert.assertEquals(Assert.java:665)
at cucumber.framework.runner.jcadmin.Cnico.JCAdminBlogFindAndEditNegativeImpl.kode_admin_menekan_kotak_blog_untuk_validasi_case_bernilai_ubah(JCAdminBlogFindAndEditNegativeImpl.java:168)
at ?.BL010N Admin menekan kotak blog untuk validasi Content bernilai Cek Isi Content(file:///C:/Users/NEXSOFT/git/INTEGRATION-BOIM-NICO-NISA/INTEGRATION-BOIM-NICO-NISA/src/main/resources/jcadmin/nico/006Blog005FindAndEditBlogNegative.feature:40)
]]>
    </failure>
  </testcase> <!-- runScenario -->
  <testcase classname="io.cucumber.testng.AbstractTestNGCucumberTests" name="runScenario" time="31.673"/>
  <testcase classname="io.cucumber.testng.AbstractTestNGCucumberTests" name="runScenario" time="23.268"/>
  <testcase classname="io.cucumber.testng.AbstractTestNGCucumberTests" name="runScenario" time="11.162"/>
  <testcase classname="io.cucumber.testng.AbstractTestNGCucumberTests" name="runScenario" time="14.117"/>
  <testcase classname="io.cucumber.testng.AbstractTestNGCucumberTests" name="runScenario" time="9.839"/>
  <testcase classname="io.cucumber.testng.AbstractTestNGCucumberTests" name="runScenario" time="12.6"/>
  <testcase classname="io.cucumber.testng.AbstractTestNGCucumberTests" name="runScenario" time="19.13"/>
  <testcase classname="io.cucumber.testng.AbstractTestNGCucumberTests" name="runScenario" time="8.534">
    <failure type="java.lang.AssertionError" message="expected [000011111] but found [0011111]">
      <![CDATA[java.lang.AssertionError: expected [000011111] but found [0011111]
at org.testng.Assert.fail(Assert.java:110)
at org.testng.Assert.failNotEquals(Assert.java:1413)
at org.testng.Assert.assertEqualsImpl(Assert.java:149)
at org.testng.Assert.assertEquals(Assert.java:131)
at org.testng.Assert.assertEquals(Assert.java:655)
at org.testng.Assert.assertEquals(Assert.java:665)
at cucumber.framework.runner.jcadmin.Cnico.JCAdminContactMessagesGetMessageImpl.kode_admin_mendapat_data_yang_disorting_berdasarkan_sorting(JCAdminContactMessagesGetMessageImpl.java:80)
at ?.CO006P Admin mendapat data yang disorting berdasarkan Message(file:///C:/Users/NEXSOFT/git/INTEGRATION-BOIM-NICO-NISA/INTEGRATION-BOIM-NICO-NISA/src/main/resources/jcadmin/nico/007ContactMessages001GetMessages.feature:15)
]]>
    </failure>
  </testcase> <!-- runScenario -->
  <testcase classname="io.cucumber.testng.AbstractTestNGCucumberTests" name="runScenario" time="14.363"/>
  <testcase classname="io.cucumber.testng.AbstractTestNGCucumberTests" name="runScenario" time="14.07"/>
  <testcase classname="io.cucumber.testng.AbstractTestNGCucumberTests" name="runScenario" time="13.917"/>
  <testcase classname="io.cucumber.testng.AbstractTestNGCucumberTests" name="runScenario" time="14.216"/>
  <testcase classname="io.cucumber.testng.AbstractTestNGCucumberTests" name="runScenario" time="15.58">
    <failure type="java.lang.AssertionError" message="expected [00101111zzzozooo] but found [0011111zzzozooo]">
      <![CDATA[java.lang.AssertionError: expected [00101111zzzozooo] but found [0011111zzzozooo]
at org.testng.Assert.fail(Assert.java:110)
at org.testng.Assert.failNotEquals(Assert.java:1413)
at org.testng.Assert.assertEqualsImpl(Assert.java:149)
at org.testng.Assert.assertEquals(Assert.java:131)
at org.testng.Assert.assertEquals(Assert.java:655)
at org.testng.Assert.assertEquals(Assert.java:665)
at cucumber.framework.runner.jcadmin.Cnico.JCAdminContactMessagesSearchMessagesImpl.kode_admin_mendapat_data_yang_disorting_dengan_sorting(JCAdminContactMessagesSearchMessagesImpl.java:65)
at ?.CO011P Admin mendapat data 00101111zzzozooo yang disorting dengan Message(file:///C:/Users/NEXSOFT/git/INTEGRATION-BOIM-NICO-NISA/INTEGRATION-BOIM-NICO-NISA/src/main/resources/jcadmin/nico/007ContactMessages002SearchMessages.feature:12)
]]>
    </failure>
  </testcase> <!-- runScenario -->
  <testcase classname="io.cucumber.testng.AbstractTestNGCucumberTests" name="runScenario" time="12.441"/>
  <testcase classname="io.cucumber.testng.AbstractTestNGCucumberTests" name="runScenario" time="7.499"/>
  <testcase classname="io.cucumber.testng.AbstractTestNGCucumberTests" name="runScenario" time="7.729"/>
  <testcase classname="io.cucumber.testng.AbstractTestNGCucumberTests" name="runScenario" time="13.674"/>
  <testcase classname="io.cucumber.testng.AbstractTestNGCucumberTests" name="runScenario" time="13.048"/>
  <testcase classname="io.cucumber.testng.AbstractTestNGCucumberTests" name="runScenario" time="13.358"/>
  <testcase classname="io.cucumber.testng.AbstractTestNGCucumberTests" name="runScenario" time="12.886"/>
  <testcase classname="io.cucumber.testng.AbstractTestNGCucumberTests" name="runScenario" time="13.177"/>
  <testcase classname="io.cucumber.testng.AbstractTestNGCucumberTests" name="runScenario" time="12.944"/>
  <testcase classname="io.cucumber.testng.AbstractTestNGCucumberTests" name="runScenario" time="13.302"/>
  <testcase classname="io.cucumber.testng.AbstractTestNGCucumberTests" name="runScenario" time="13.356"/>
  <testcase classname="io.cucumber.testng.AbstractTestNGCucumberTests" name="runScenario" time="13.413"/>
  <testcase classname="io.cucumber.testng.AbstractTestNGCucumberTests" name="runScenario" time="14.918"/>
  <testcase classname="io.cucumber.testng.AbstractTestNGCucumberTests" name="runScenario" time="13.246"/>
  <testcase classname="io.cucumber.testng.AbstractTestNGCucumberTests" name="runScenario" time="13.001"/>
  <testcase classname="io.cucumber.testng.AbstractTestNGCucumberTests" name="runScenario" time="12.934"/>
  <testcase classname="io.cucumber.testng.AbstractTestNGCucumberTests" name="runScenario" time="13.149"/>
  <testcase classname="io.cucumber.testng.AbstractTestNGCucumberTests" name="runScenario" time="12.939"/>
  <testcase classname="io.cucumber.testng.AbstractTestNGCucumberTests" name="runScenario" time="13.53"/>
  <testcase classname="io.cucumber.testng.AbstractTestNGCucumberTests" name="runScenario" time="12.747"/>
  <testcase classname="io.cucumber.testng.AbstractTestNGCucumberTests" name="runScenario" time="13.183"/>
  <testcase classname="io.cucumber.testng.AbstractTestNGCucumberTests" name="runScenario" time="12.953"/>
  <testcase classname="io.cucumber.testng.AbstractTestNGCucumberTests" name="runScenario" time="12.98"/>
  <testcase classname="io.cucumber.testng.AbstractTestNGCucumberTests" name="runScenario" time="13.229">
    <failure type="java.lang.AssertionError" message="expected [00101111zzzozooo] but found [0011111zzzozooo]">
      <![CDATA[java.lang.AssertionError: expected [00101111zzzozooo] but found [0011111zzzozooo]
at org.testng.Assert.fail(Assert.java:110)
at org.testng.Assert.failNotEquals(Assert.java:1413)
at org.testng.Assert.assertEqualsImpl(Assert.java:149)
at org.testng.Assert.assertEquals(Assert.java:131)
at org.testng.Assert.assertEquals(Assert.java:655)
at org.testng.Assert.assertEquals(Assert.java:665)
at cucumber.framework.runner.jcadmin.Cnico.JCAdminContactMessagesSearchNegativeImpl.kode_admin_menekan_tombol_cari_input_pada_kolom_pencarian_berdasar_sorting(JCAdminContactMessagesSearchNegativeImpl.java:156)
at ?.CO021P Admin menekan tombol cari 00101111zzzozooo pada kolom pencarian berdasar Message(file:///C:/Users/NEXSOFT/git/INTEGRATION-BOIM-NICO-NISA/INTEGRATION-BOIM-NICO-NISA/src/main/resources/jcadmin/nico/007ContactMessages004CariNegative.feature:56)
]]>
    </failure>
  </testcase> <!-- runScenario -->
</testsuite> <!-- Default test -->
